TN:
SF:src\core\agentToUI\consumeComponentTemplate.ts
FN:19,isRecord
FN:21,toJsonValue
FN:45,toJsonRecord
FN:56,consumeAgentToUiComponentTemplateMessage
FNF:4
FNH:0
FNDA:0,isRecord
FNDA:0,toJsonValue
FNDA:0,toJsonRecord
FNDA:0,consumeAgentToUiComponentTemplateMessage
DA:1,1
DA:19,1
DA:21,1
DA:22,0
DA:23,0
DA:24,0
DA:25,0
DA:26,0
DA:27,0
DA:28,0
DA:29,0
DA:30,0
DA:31,0
DA:32,0
DA:33,0
DA:34,0
DA:35,0
DA:36,0
DA:37,0
DA:38,0
DA:39,0
DA:40,0
DA:41,0
DA:42,0
DA:43,0
DA:45,1
DA:46,0
DA:47,0
DA:48,0
DA:49,0
DA:50,0
DA:51,0
DA:52,0
DA:53,0
DA:54,0
DA:56,1
DA:57,0
DA:58,0
DA:59,0
DA:61,0
DA:62,0
DA:63,0
DA:64,0
DA:65,0
DA:67,0
DA:68,0
DA:70,0
DA:71,0
DA:72,0
DA:73,0
DA:74,0
DA:75,0
DA:76,0
DA:77,0
DA:78,0
DA:79,0
DA:80,0
DA:81,0
DA:82,0
DA:83,0
LF:60
LH:5
BRF:0
BRH:0
end_of_record
TN:
SF:src\core\agentToUI\guards.ts
FN:16,isRecord
FN:18,isString
FN:20,isAgentToUiMessage
FN:56,isAgentToUiSubtitleSummaryDeltaMessage
FN:67,isAgentToUiPatchNodeMessage
FN:87,isAgentToUiDeleteNodeMessage
FN:111,isAgentToUiInsertNodeMessage
FN:127,isAgentToUiApplyFilterMessage
FN:144,isAgentToUiTaskStatusMessage
FN:173,isAgentToUiChatMessage
FN:181,isAgentToUiVideoScenePlanMessage
FN:194,isAgentToUiTextMessage
FN:202,isAgentToUiErrorMessage
FN:210,isAgentToUiComponentTemplateMessage
FNF:14
FNH:0
FNDA:0,isRecord
FNDA:0,isString
FNDA:0,isAgentToUiMessage
FNDA:0,isAgentToUiSubtitleSummaryDeltaMessage
FNDA:0,isAgentToUiPatchNodeMessage
FNDA:0,isAgentToUiDeleteNodeMessage
FNDA:0,isAgentToUiInsertNodeMessage
FNDA:0,isAgentToUiApplyFilterMessage
FNDA:0,isAgentToUiTaskStatusMessage
FNDA:0,isAgentToUiChatMessage
FNDA:0,isAgentToUiVideoScenePlanMessage
FNDA:0,isAgentToUiTextMessage
FNDA:0,isAgentToUiErrorMessage
FNDA:0,isAgentToUiComponentTemplateMessage
DA:16,1
DA:18,1
DA:20,1
DA:21,0
DA:22,0
DA:23,0
DA:24,0
DA:25,0
DA:26,0
DA:28,0
DA:29,0
DA:30,0
DA:31,0
DA:32,0
DA:33,0
DA:34,0
DA:35,0
DA:36,0
DA:37,0
DA:38,0
DA:39,0
DA:40,0
DA:41,0
DA:42,0
DA:43,0
DA:44,0
DA:45,0
DA:46,0
DA:47,0
DA:48,0
DA:49,0
DA:50,0
DA:51,0
DA:52,0
DA:53,0
DA:54,0
DA:56,1
DA:57,0
DA:58,0
DA:59,0
DA:60,0
DA:61,0
DA:62,0
DA:63,0
DA:64,0
DA:65,0
DA:67,1
DA:68,0
DA:69,0
DA:70,0
DA:71,0
DA:72,0
DA:73,0
DA:75,0
DA:76,0
DA:78,0
DA:79,0
DA:80,0
DA:81,0
DA:82,0
DA:84,0
DA:85,0
DA:87,1
DA:88,0
DA:89,0
DA:90,0
DA:91,0
DA:93,0
DA:94,0
DA:96,0
DA:97,0
DA:98,0
DA:99,0
DA:100,0
DA:101,0
DA:102,0
DA:103,0
DA:104,0
DA:105,0
DA:106,0
DA:107,0
DA:108,0
DA:109,0
DA:111,1
DA:112,0
DA:113,0
DA:114,0
DA:115,0
DA:116,0
DA:118,0
DA:119,0
DA:121,0
DA:122,0
DA:124,0
DA:125,0
DA:127,1
DA:128,0
DA:129,0
DA:130,0
DA:131,0
DA:132,0
DA:133,0
DA:134,0
DA:135,0
DA:136,0
DA:137,0
DA:138,0
DA:139,0
DA:140,0
DA:141,0
DA:142,0
DA:144,1
DA:145,0
DA:146,0
DA:147,0
DA:148,0
DA:149,0
DA:150,0
DA:151,0
DA:152,0
DA:153,0
DA:154,0
DA:155,0
DA:156,0
DA:157,0
DA:158,0
DA:159,0
DA:160,0
DA:161,0
DA:162,0
DA:163,0
DA:165,0
DA:166,0
DA:167,0
DA:168,0
DA:169,0
DA:170,0
DA:171,0
DA:173,1
DA:174,0
DA:175,0
DA:176,0
DA:177,0
DA:178,0
DA:179,0
DA:181,1
DA:182,0
DA:183,0
DA:184,0
DA:185,0
DA:186,0
DA:187,0
DA:188,0
DA:189,0
DA:190,0
DA:191,0
DA:192,0
DA:194,1
DA:195,0
DA:196,0
DA:197,0
DA:198,0
DA:199,0
DA:200,0
DA:202,1
DA:203,0
DA:204,0
DA:205,0
DA:206,0
DA:207,0
DA:208,0
DA:210,1
DA:211,0
DA:212,0
DA:213,0
DA:214,0
DA:217,0
DA:219,0
DA:220,0
DA:222,0
DA:223,0
DA:225,0
DA:226,0
DA:228,0
DA:229,0
DA:231,0
DA:232,0
LF:187
LH:14
BRF:0
BRH:0
end_of_record
TN:
SF:src\core\agentToUI\index.ts
FNF:0
FNH:0
DA:1,1
DA:2,1
DA:3,1
LF:3
LH:3
BRF:0
BRH:0
end_of_record
TN:
SF:src\core\agentToUI\videoScenePlan.ts
FN:1,(empty-report)
FNF:1
FNH:0
FNDA:0,(empty-report)
DA:1,0
DA:42,0
DA:43,0
DA:44,0
DA:45,0
DA:46,0
DA:47,0
DA:48,0
DA:49,0
DA:50,0
DA:51,0
DA:52,0
DA:53,0
DA:54,0
DA:55,0
DA:56,0
DA:57,0
DA:58,0
DA:59,0
DA:60,0
DA:61,0
DA:62,0
DA:64,0
DA:65,0
DA:66,0
DA:67,0
DA:68,0
DA:69,0
DA:70,0
DA:71,0
DA:72,0
DA:73,0
DA:74,0
DA:75,0
DA:76,0
DA:77,0
DA:78,0
DA:79,0
DA:81,0
DA:82,0
DA:83,0
DA:84,0
DA:85,0
DA:86,0
DA:87,0
DA:88,0
DA:90,0
DA:91,0
DA:92,0
DA:93,0
DA:94,0
DA:95,0
DA:96,0
DA:97,0
DA:99,0
DA:100,0
DA:101,0
DA:102,0
DA:103,0
DA:104,0
DA:105,0
DA:106,0
DA:107,0
DA:108,0
DA:109,0
DA:110,0
DA:111,0
DA:112,0
DA:113,0
DA:114,0
DA:115,0
DA:116,0
DA:117,0
DA:119,0
DA:120,0
DA:121,0
DA:122,0
DA:123,0
DA:125,0
DA:126,0
DA:127,0
DA:128,0
DA:129,0
DA:130,0
DA:131,0
DA:132,0
DA:134,0
DA:135,0
DA:136,0
DA:137,0
DA:138,0
DA:139,0
DA:141,0
DA:142,0
DA:143,0
DA:144,0
DA:145,0
DA:146,0
DA:147,0
DA:148,0
DA:149,0
DA:150,0
DA:151,0
DA:152,0
DA:153,0
DA:155,0
DA:156,0
DA:157,0
DA:158,0
DA:159,0
DA:161,0
DA:162,0
DA:163,0
DA:164,0
DA:165,0
DA:166,0
DA:167,0
DA:168,0
DA:169,0
DA:170,0
DA:171,0
DA:173,0
DA:174,0
DA:175,0
DA:176,0
DA:177,0
DA:178,0
DA:179,0
DA:181,0
DA:182,0
DA:183,0
DA:184,0
DA:186,0
DA:187,0
DA:188,0
DA:189,0
DA:190,0
DA:191,0
DA:192,0
DA:193,0
DA:194,0
DA:195,0
DA:196,0
DA:197,0
DA:199,0
DA:201,0
DA:202,0
DA:203,0
DA:204,0
DA:205,0
DA:206,0
DA:207,0
DA:208,0
DA:209,0
DA:210,0
DA:211,0
DA:212,0
DA:213,0
DA:214,0
DA:215,0
DA:216,0
DA:218,0
DA:219,0
DA:220,0
DA:221,0
DA:222,0
DA:223,0
DA:224,0
DA:226,0
DA:227,0
DA:228,0
DA:229,0
DA:230,0
DA:231,0
DA:232,0
DA:233,0
DA:234,0
DA:235,0
DA:236,0
DA:237,0
DA:238,0
DA:239,0
DA:240,0
DA:241,0
DA:242,0
DA:243,0
DA:244,0
DA:245,0
DA:246,0
DA:247,0
DA:249,0
DA:250,0
DA:251,0
DA:252,0
DA:253,0
DA:254,0
DA:255,0
DA:256,0
DA:257,0
DA:258,0
DA:259,0
DA:260,0
DA:261,0
DA:262,0
DA:263,0
DA:264,0
DA:265,0
DA:266,0
DA:267,0
DA:268,0
DA:269,0
DA:270,0
DA:271,0
DA:272,0
DA:273,0
DA:274,0
DA:275,0
DA:276,0
DA:277,0
DA:278,0
DA:280,0
DA:281,0
DA:282,0
DA:283,0
DA:284,0
DA:285,0
DA:286,0
DA:287,0
DA:288,0
DA:289,0
DA:290,0
DA:291,0
DA:292,0
DA:293,0
DA:294,0
DA:295,0
DA:296,0
DA:297,0
DA:299,0
DA:300,0
DA:301,0
DA:302,0
DA:303,0
DA:304,0
DA:305,0
DA:306,0
DA:307,0
DA:308,0
DA:309,0
DA:310,0
DA:311,0
DA:312,0
DA:313,0
DA:314,0
DA:315,0
DA:316,0
DA:317,0
DA:318,0
DA:319,0
DA:320,0
DA:321,0
DA:322,0
DA:323,0
DA:324,0
DA:326,0
DA:331,0
DA:332,0
DA:333,0
DA:334,0
DA:335,0
DA:336,0
DA:338,0
DA:339,0
DA:340,0
DA:341,0
DA:343,0
DA:344,0
DA:345,0
DA:346,0
DA:348,0
DA:349,0
DA:350,0
DA:351,0
DA:352,0
DA:353,0
DA:354,0
DA:355,0
DA:356,0
DA:357,0
DA:358,0
DA:359,0
DA:360,0
DA:361,0
DA:362,0
DA:364,0
DA:365,0
DA:366,0
DA:367,0
DA:368,0
DA:369,0
DA:370,0
DA:371,0
DA:372,0
DA:373,0
DA:374,0
DA:376,0
DA:377,0
DA:378,0
DA:379,0
DA:380,0
DA:381,0
DA:382,0
DA:383,0
LF:313
LH:0
BRDA:1,0,0,0
BRF:1
BRH:0
end_of_record
TN:
SF:src\core\components\api.ts
FNF:0
FNH:0
DA:1,1
DA:27,1
DA:28,1
DA:29,1
DA:30,1
DA:31,1
DA:32,1
LF:7
LH:7
BRF:0
BRH:0
end_of_record
TN:
SF:src\core\components\exportTemplate.ts
FN:15,nowId
FN:17,cloneProps
FN:19,toTransform
FN:34,collectSubtreeUserNodes
FN:46,exportTemplateFromSelection
FNF:5
FNH:5
FNDA:19,nowId
FNDA:28,cloneProps
FNDA:28,toTransform
FNDA:24,collectSubtreeUserNodes
FNDA:23,exportTemplateFromSelection
DA:1,1
DA:15,1
DA:17,1
DA:19,1
DA:20,28
DA:21,27
DA:22,27
DA:23,27
DA:24,27
DA:25,28
DA:26,28
DA:27,28
DA:28,28
DA:29,28
DA:30,28
DA:31,28
DA:32,28
DA:34,1
DA:35,24
DA:36,24
DA:37,24
DA:38,28
DA:39,28
DA:40,28
DA:41,28
DA:42,28
DA:43,24
DA:44,24
DA:46,1
DA:47,23
DA:48,23
DA:49,1
DA:50,1
DA:53,22
DA:54,26
DA:55,26
DA:56,22
DA:57,23
DA:58,1
DA:59,1
DA:62,21
DA:63,21
DA:64,24
DA:65,30
DA:66,28
DA:67,30
DA:68,24
DA:69,21
DA:71,21
DA:72,23
DA:73,24
DA:74,24
DA:75,24
DA:76,23
DA:79,21
DA:80,21
DA:81,23
DA:82,24
DA:83,28
DA:84,28
DA:85,28
DA:86,28
DA:87,24
DA:90,21
DA:91,21
DA:92,21
DA:93,23
DA:94,28
DA:95,28
DA:96,28
DA:97,28
DA:98,28
DA:101,21
DA:102,21
DA:103,34
DA:104,33
DA:105,34
DA:106,4
DA:107,4
DA:108,21
DA:110,21
DA:111,28
DA:112,28
DA:113,28
DA:114,28
DA:115,28
DA:116,28
DA:117,28
DA:118,28
DA:119,28
DA:120,28
DA:121,28
DA:122,21
DA:125,21
DA:126,23
DA:127,18
DA:128,23
DA:130,3
DA:131,3
DA:133,3
DA:134,3
DA:135,6
DA:136,6
DA:137,6
DA:138,6
DA:139,6
DA:140,3
DA:141,3
DA:143,21
DA:144,21
DA:145,23
DA:146,23
DA:147,23
DA:148,23
DA:149,23
DA:150,23
DA:151,23
DA:152,23
LF:118
LH:118
BRDA:15,0,0,19
BRDA:17,1,0,28
BRDA:17,2,0,0
BRDA:19,3,0,28
BRDA:20,4,0,1
BRDA:20,5,0,27
BRDA:25,6,0,0
BRDA:26,7,0,0
BRDA:34,8,0,24
BRDA:37,9,0,28
BRDA:39,10,0,0
BRDA:41,11,0,4
BRDA:41,12,0,4
BRDA:46,13,0,23
BRDA:48,14,0,1
BRDA:50,15,0,22
BRDA:57,16,0,1
BRDA:59,17,0,21
BRDA:72,18,0,24
BRDA:75,19,0,21
BRDA:76,20,0,0
BRDA:76,21,0,21
BRDA:81,22,0,24
BRDA:82,23,0,28
BRDA:83,24,0,0
BRDA:87,25,0,21
BRDA:93,26,0,28
BRDA:98,27,0,21
BRDA:126,28,0,18
BRDA:128,29,0,3
BRDA:134,30,0,6
BRDA:141,31,0,21
BRDA:145,32,0,19
BRDA:146,33,0,19
BRDA:47,34,0,26
BRDA:47,35,0,0
BRDA:53,36,0,26
BRDA:55,37,0,25
BRDA:63,38,0,24
BRDA:64,39,0,30
BRDA:65,40,0,24
BRDA:65,41,0,28
BRDA:65,42,0,6
BRDA:66,43,0,0
BRDA:102,44,0,34
BRDA:103,45,0,1
BRDA:103,46,0,33
BRDA:104,47,0,5
BRDA:104,48,0,28
BRDA:105,49,0,12
BRDA:105,50,0,12
BRDA:105,51,0,4
BRDA:110,52,0,28
BRDA:113,53,0,4
BRDA:113,54,0,24
BRDA:116,55,0,0
BRDA:133,56,0,6
BRF:57
BRH:48
end_of_record
TN:
SF:src\core\components\index.ts
FNF:0
FNH:0
DA:1,1
DA:2,1
DA:3,1
DA:4,1
DA:5,1
LF:5
LH:5
BRF:0
BRH:0
end_of_record
TN:
SF:src\core\components\instantiate.ts
FN:12,isRecord
FN:14,toUserType
FN:25,buildDefaults
FN:33,resolveParam
FN:35,substituteInString
FN:50,deepSubstitute
FN:62,coerceNumber
FN:71,applyTransformPatch
FN:74,clampScale
FN:120,defaultNameForType
FN:131,createUserNode
FN:178,instantiateTemplate
FN:190,instantiateValidatedTemplate
FN:242,instantiateTemplateFromTemplate
FNF:14
FNH:14
FNDA:43,isRecord
FNDA:38,toUserType
FNDA:33,buildDefaults
FNDA:11,resolveParam
FNDA:10,substituteInString
FNDA:61,deepSubstitute
FNDA:8,coerceNumber
FNDA:38,applyTransformPatch
FNDA:1,clampScale
FNDA:38,defaultNameForType
FNDA:38,createUserNode
FNDA:5,instantiateTemplate
FNDA:33,instantiateValidatedTemplate
FNDA:1,instantiateTemplateFromTemplate
DA:1,1
DA:12,1
DA:14,1
DA:16,38
DA:17,38
DA:18,38
DA:19,36
DA:20,35
DA:21,35
DA:22,2
DA:23,2
DA:25,1
DA:26,33
DA:27,33
DA:28,10
DA:29,10
DA:30,33
DA:31,33
DA:33,1
DA:35,1
DA:37,10
DA:38,10
DA:39,9
DA:40,9
DA:41,9
DA:42,9
DA:44,1
DA:45,2
DA:46,2
DA:47,1
DA:48,1
DA:50,1
DA:51,61
DA:52,61
DA:53,61
DA:55,44
DA:56,61
DA:57,18
DA:58,18
DA:59,44
DA:60,44
DA:62,1
DA:63,8
DA:64,0
DA:65,0
DA:66,0
DA:67,0
DA:68,0
DA:69,0
DA:71,1
DA:72,38
DA:73,5
DA:74,5
DA:75,1
DA:76,1
DA:77,1
DA:78,1
DA:80,38
DA:81,38
DA:82,38
DA:83,38
DA:85,38
DA:86,38
DA:87,38
DA:88,38
DA:89,1
DA:90,1
DA:91,35
DA:92,0
DA:93,0
DA:94,0
DA:95,35
DA:96,0
DA:97,0
DA:98,35
DA:99,0
DA:100,0
DA:101,0
DA:102,35
DA:103,0
DA:104,0
DA:105,0
DA:107,38
DA:108,38
DA:109,38
DA:110,38
DA:112,38
DA:113,38
DA:114,38
DA:115,38
DA:117,5
DA:118,5
DA:120,1
DA:121,38
DA:122,29
DA:123,9
DA:124,4
DA:125,5
DA:126,1
DA:127,4
DA:128,1
DA:129,3
DA:131,1
DA:132,38
DA:133,38
DA:134,38
DA:135,38
DA:136,38
DA:137,38
DA:138,38
DA:139,38
DA:140,38
DA:141,38
DA:142,38
DA:143,38
DA:144,38
DA:145,38
DA:146,38
DA:147,38
DA:148,38
DA:149,38
DA:150,38
DA:151,38
DA:152,38
DA:153,38
DA:154,38
DA:155,38
DA:156,38
DA:157,38
DA:158,4
DA:159,4
DA:160,4
DA:161,4
DA:162,4
DA:163,4
DA:164,38
DA:165,1
DA:166,1
DA:167,38
DA:168,38
DA:169,38
DA:170,38
DA:171,38
DA:172,38
DA:173,38
DA:174,38
DA:175,38
DA:176,38
DA:178,1
DA:179,5
DA:180,5
DA:181,5
DA:182,5
DA:183,5
DA:184,5
DA:185,2
DA:186,2
DA:187,3
DA:188,3
DA:190,1
DA:191,33
DA:192,33
DA:193,33
DA:194,33
DA:196,33
DA:197,33
DA:198,33
DA:200,33
DA:201,33
DA:202,33
DA:203,33
DA:206,33
DA:207,33
DA:208,33
DA:210,33
DA:211,38
DA:212,38
DA:213,38
DA:214,38
DA:216,38
DA:217,38
DA:218,38
DA:219,38
DA:220,38
DA:221,38
DA:222,38
DA:223,38
DA:226,33
DA:227,38
DA:228,38
DA:229,5
DA:230,5
DA:231,38
DA:232,35
DA:233,5
DA:234,5
DA:236,33
DA:237,33
DA:239,33
DA:240,33
DA:242,1
DA:243,1
DA:244,1
DA:245,1
DA:246,1
DA:247,1
DA:248,1
LF:207
LH:190
BRDA:12,0,0,43
BRDA:14,1,0,38
BRDA:16,2,0,1
BRDA:16,3,0,37
BRDA:17,4,0,1
BRDA:17,5,0,36
BRDA:18,6,0,28
BRDA:18,7,0,36
BRDA:18,8,0,8
BRDA:19,9,0,4
BRDA:19,10,0,35
BRDA:19,11,0,4
BRDA:20,12,0,1
BRDA:20,13,0,3
BRDA:21,14,0,1
BRDA:21,15,0,2
BRDA:25,16,0,33
BRDA:27,17,0,10
BRDA:33,18,0,11
BRDA:35,19,0,10
BRDA:38,20,0,9
BRDA:41,21,0,8
BRDA:41,22,0,1
BRDA:42,23,0,1
BRDA:44,24,0,2
BRDA:46,25,0,0
BRDA:50,26,0,61
BRDA:51,27,0,10
BRDA:51,28,0,60
BRDA:51,29,0,51
BRDA:52,30,0,44
BRDA:52,31,0,44
BRDA:52,32,0,7
BRDA:52,33,0,44
BRDA:53,34,0,0
BRDA:53,35,0,44
BRDA:56,36,0,18
BRDA:58,37,0,44
BRDA:62,38,0,8
BRDA:63,39,0,0
BRDA:71,40,0,38
BRDA:72,41,0,33
BRDA:72,42,0,35
BRDA:72,43,0,5
BRDA:80,44,0,3
BRDA:80,45,0,2
BRDA:81,46,0,35
BRDA:81,47,0,3
BRDA:81,48,0,5
BRDA:82,49,0,1
BRDA:82,50,0,4
BRDA:83,51,0,35
BRDA:83,52,0,1
BRDA:83,53,0,5
BRDA:85,54,0,0
BRDA:85,55,0,5
BRDA:86,56,0,1
BRDA:86,57,0,4
BRDA:87,58,0,0
BRDA:87,59,0,5
BRDA:88,60,0,35
BRDA:88,61,0,1
BRDA:91,62,0,4
BRDA:91,63,0,0
BRDA:94,64,0,5
BRDA:95,65,0,0
BRDA:98,66,0,5
BRDA:98,67,0,0
BRDA:102,68,0,0
BRDA:105,69,0,5
BRDA:107,70,0,1
BRDA:107,71,0,4
BRDA:108,72,0,35
BRDA:108,73,0,1
BRDA:108,74,0,5
BRDA:109,75,0,1
BRDA:109,76,0,4
BRDA:110,77,0,35
BRDA:110,78,0,1
BRDA:110,79,0,5
BRDA:112,80,0,0
BRDA:112,81,0,5
BRDA:113,82,0,35
BRDA:113,83,0,0
BRDA:113,84,0,5
BRDA:114,85,0,1
BRDA:114,86,0,4
BRDA:115,87,0,35
BRDA:115,88,0,1
BRDA:115,89,0,5
BRDA:74,90,0,1
BRDA:76,91,0,0
BRDA:120,92,0,38
BRDA:121,93,0,29
BRDA:122,94,0,9
BRDA:123,95,0,4
BRDA:124,96,0,5
BRDA:125,97,0,1
BRDA:126,98,0,4
BRDA:127,99,0,1
BRDA:128,100,0,3
BRDA:131,101,0,38
BRDA:139,102,0,1
BRDA:139,103,0,1
BRDA:139,104,0,37
BRDA:145,105,0,0
BRDA:145,106,0,0
BRDA:146,107,0,0
BRDA:146,108,0,0
BRDA:147,109,0,0
BRDA:148,110,0,0
BRDA:149,111,0,0
BRDA:156,112,0,0
BRDA:157,113,0,4
BRDA:164,114,0,34
BRDA:164,115,0,1
BRDA:178,116,0,5
BRDA:184,117,0,4
BRDA:184,118,0,2
BRDA:186,119,0,3
BRDA:190,120,0,33
BRDA:196,121,0,31
BRDA:197,122,0,32
BRDA:210,123,0,38
BRDA:214,124,0,0
BRDA:216,125,0,5
BRDA:216,126,0,33
BRDA:217,127,0,5
BRDA:217,128,0,5
BRDA:217,129,0,33
BRDA:218,130,0,1
BRDA:218,131,0,37
BRDA:226,132,0,38
BRDA:228,133,0,33
BRDA:228,134,0,5
BRDA:231,135,0,35
BRDA:231,136,0,0
BRDA:231,137,0,5
BRDA:232,138,0,4
BRDA:232,139,0,5
BRDA:237,140,0,0
BRDA:242,141,0,1
BRF:142
BRH:119
end_of_record
TN:
SF:src\core\components\validate.ts
FN:3,isRecord
FN:4,isString
FN:11,validateComponentTemplate
FN:66,allow
FNF:4
FNH:4
FNDA:132,isRecord
FNDA:245,isString
FNDA:42,validateComponentTemplate
FNDA:27,allow
DA:3,1
DA:4,1
DA:5,1
DA:7,1
DA:11,1
DA:12,42
DA:13,42
DA:14,42
DA:15,42
DA:16,42
DA:17,42
DA:19,42
DA:20,42
DA:21,42
DA:22,42
DA:24,36
DA:25,41
DA:26,35
DA:27,16
DA:28,16
DA:29,1
DA:30,1
DA:31,1
DA:32,16
DA:33,1
DA:34,1
DA:35,1
DA:36,16
DA:37,14
DA:38,16
DA:39,1
DA:40,1
DA:41,16
DA:42,35
DA:44,36
DA:45,36
DA:46,36
DA:47,36
DA:48,36
DA:49,1
DA:50,1
DA:51,1
DA:52,36
DA:53,1
DA:54,1
DA:55,1
DA:56,36
DA:57,34
DA:59,36
DA:60,36
DA:61,36
DA:62,4
DA:63,1
DA:64,4
DA:65,3
DA:66,3
DA:67,27
DA:68,27
DA:69,16
DA:70,1
DA:71,0
DA:72,27
DA:73,3
DA:74,3
DA:75,3
DA:76,3
DA:77,3
DA:78,3
DA:79,3
DA:80,3
DA:81,3
DA:82,3
DA:83,4
DA:85,34
DA:86,34
DA:87,36
DA:89,42
DA:90,6
DA:91,6
DA:94,42
DA:95,33
DA:96,33
DA:97,33
DA:98,33
DA:99,0
DA:100,0
DA:101,0
DA:102,29
DA:103,29
DA:104,33
DA:106,42
DA:107,13
DA:108,13
LF:93
LH:89
BRDA:3,0,0,132
BRDA:3,1,0,125
BRDA:3,2,0,123
BRDA:4,3,0,245
BRDA:11,4,0,42
BRDA:13,5,0,6
BRDA:13,6,0,36
BRDA:14,7,0,2
BRDA:14,8,0,41
BRDA:14,9,0,36
BRDA:15,10,0,35
BRDA:15,11,0,4
BRDA:15,12,0,41
BRDA:15,13,0,36
BRDA:16,14,0,35
BRDA:16,15,0,2
BRDA:16,16,0,41
BRDA:16,17,0,36
BRDA:17,18,0,35
BRDA:17,19,0,1
BRDA:17,20,0,36
BRDA:19,21,0,0
BRDA:20,22,0,1
BRDA:20,23,0,36
BRDA:21,24,0,0
BRDA:22,25,0,0
BRDA:22,26,0,41
BRDA:22,27,0,36
BRDA:25,28,0,35
BRDA:26,29,0,16
BRDA:28,30,0,1
BRDA:31,31,0,15
BRDA:32,32,0,14
BRDA:32,33,0,1
BRDA:35,34,0,14
BRDA:36,35,0,1
BRDA:36,36,0,14
BRDA:38,37,0,1
BRDA:42,38,0,36
BRDA:47,39,0,36
BRDA:48,40,0,1
BRDA:51,41,0,35
BRDA:52,42,0,34
BRDA:52,43,0,1
BRDA:55,44,0,34
BRDA:56,45,0,1
BRDA:56,46,0,34
BRDA:59,47,0,33
BRDA:59,48,0,1
BRDA:59,49,0,34
BRDA:60,50,0,1
BRDA:60,51,0,34
BRDA:61,52,0,4
BRDA:62,53,0,1
BRDA:64,54,0,3
BRDA:83,55,0,34
BRDA:89,56,0,35
BRDA:89,57,0,35
BRDA:89,58,0,6
BRDA:91,59,0,36
BRDA:94,60,0,33
BRDA:97,61,0,30
BRDA:97,62,0,3
BRDA:98,63,0,29
BRDA:98,64,0,0
BRDA:101,65,0,3
BRDA:102,66,0,1
BRDA:102,67,0,3
BRDA:103,68,0,1
BRDA:104,69,0,36
BRDA:106,70,0,41
BRDA:106,71,0,23
BRDA:106,72,0,13
BRDA:66,73,0,27
BRDA:68,74,0,11
BRDA:68,75,0,16
BRDA:69,76,0,15
BRDA:69,77,0,1
BRDA:70,78,0,0
BRF:79
BRH:74
end_of_record
TN:
SF:src\core\events\dvsEvents.ts
FN:1,(empty-report)
FNF:1
FNH:1
FNDA:1,(empty-report)
DA:3,0
DA:4,0
DA:5,0
DA:6,0
DA:7,0
DA:8,0
DA:9,0
DA:10,0
LF:8
LH:0
BRDA:1,0,0,1
BRF:1
BRH:1
end_of_record
TN:
SF:src\core\events\typedEventBus.ts
FN:3,<instance_members_initializer>
FN:6,on
FN:16,off
FN:20,emit
FNF:4
FNH:4
FNDA:13,<instance_members_initializer>
FNDA:16,on
FNDA:6,off
FNDA:14,emit
DA:3,1
DA:4,13
DA:6,13
DA:7,16
DA:8,16
DA:9,11
DA:10,11
DA:11,11
DA:12,16
DA:13,16
DA:14,16
DA:16,13
DA:17,6
DA:18,6
DA:20,13
DA:21,14
DA:22,14
DA:23,14
DA:24,15
DA:25,15
DA:26,15
DA:28,1
DA:29,15
DA:30,14
DA:31,13
LF:25
LH:25
BRDA:3,0,0,13
BRDA:6,1,0,16
BRDA:8,2,0,11
BRDA:13,3,0,3
BRDA:16,4,0,6
BRDA:17,5,0,5
BRDA:20,6,0,14
BRDA:22,7,0,12
BRDA:22,8,0,3
BRDA:22,9,0,11
BRDA:23,10,0,15
BRDA:26,11,0,1
BRDA:29,12,0,11
BRF:13
BRH:13
end_of_record
TN:
SF:src\core\export\computeSceneStateAtFrame.ts
FN:1,(empty-report)
FNF:1
FNH:0
FNDA:0,(empty-report)
DA:1,0
DA:23,0
DA:25,0
DA:26,0
DA:27,0
DA:28,0
DA:29,0
DA:30,0
DA:31,0
DA:33,0
DA:34,0
DA:35,0
DA:36,0
DA:37,0
DA:38,0
DA:40,0
DA:41,0
DA:42,0
DA:43,0
DA:44,0
DA:46,0
DA:47,0
DA:49,0
DA:50,0
DA:51,0
DA:52,0
DA:54,0
DA:55,0
DA:56,0
DA:57,0
DA:59,0
DA:60,0
DA:61,0
DA:62,0
DA:63,0
DA:64,0
DA:66,0
DA:67,0
DA:68,0
DA:69,0
DA:70,0
DA:71,0
DA:72,0
DA:73,0
DA:74,0
DA:75,0
DA:76,0
DA:77,0
DA:78,0
DA:79,0
DA:80,0
DA:81,0
DA:83,0
DA:84,0
DA:85,0
DA:86,0
DA:87,0
DA:88,0
DA:89,0
DA:90,0
DA:91,0
DA:92,0
DA:93,0
DA:94,0
DA:95,0
DA:96,0
DA:98,0
DA:99,0
DA:100,0
DA:101,0
DA:102,0
DA:104,0
DA:105,0
DA:106,0
DA:108,0
DA:109,0
DA:110,0
DA:112,0
DA:113,0
DA:114,0
DA:115,0
DA:116,0
DA:117,0
DA:118,0
DA:119,0
DA:120,0
DA:121,0
DA:122,0
DA:124,0
DA:125,0
DA:126,0
DA:127,0
DA:128,0
DA:129,0
DA:130,0
DA:131,0
DA:132,0
DA:134,0
DA:135,0
DA:136,0
DA:137,0
DA:138,0
DA:139,0
DA:140,0
DA:142,0
DA:143,0
DA:144,0
DA:146,0
DA:147,0
DA:148,0
DA:149,0
DA:150,0
DA:151,0
DA:152,0
DA:153,0
DA:154,0
DA:155,0
DA:156,0
DA:157,0
DA:159,0
DA:160,0
DA:161,0
DA:162,0
DA:163,0
DA:164,0
DA:165,0
DA:166,0
DA:167,0
DA:169,0
DA:170,0
DA:171,0
DA:172,0
DA:173,0
DA:174,0
DA:175,0
DA:176,0
DA:177,0
DA:178,0
DA:179,0
DA:181,0
DA:182,0
DA:183,0
DA:184,0
DA:185,0
DA:186,0
DA:187,0
DA:188,0
DA:189,0
DA:190,0
DA:191,0
DA:192,0
DA:194,0
DA:195,0
DA:196,0
DA:197,0
DA:198,0
DA:199,0
DA:200,0
DA:201,0
DA:202,0
DA:203,0
DA:204,0
DA:205,0
DA:206,0
DA:207,0
DA:208,0
DA:209,0
DA:210,0
DA:211,0
DA:212,0
DA:213,0
DA:214,0
DA:215,0
DA:216,0
DA:218,0
DA:219,0
DA:220,0
DA:222,0
DA:223,0
DA:224,0
DA:225,0
DA:226,0
DA:227,0
DA:228,0
DA:229,0
DA:230,0
DA:231,0
DA:232,0
DA:233,0
DA:234,0
DA:235,0
DA:236,0
DA:237,0
DA:238,0
DA:240,0
DA:241,0
DA:242,0
DA:243,0
DA:244,0
DA:245,0
DA:246,0
DA:247,0
DA:248,0
DA:249,0
DA:250,0
DA:251,0
DA:252,0
DA:254,0
DA:255,0
DA:256,0
DA:258,0
DA:259,0
DA:260,0
DA:261,0
DA:263,0
DA:264,0
DA:265,0
DA:266,0
DA:267,0
DA:269,0
DA:270,0
DA:271,0
DA:272,0
DA:273,0
DA:274,0
DA:275,0
DA:276,0
DA:277,0
DA:278,0
DA:279,0
DA:280,0
DA:281,0
DA:282,0
DA:284,0
DA:285,0
DA:286,0
DA:287,0
DA:288,0
DA:289,0
DA:290,0
DA:291,0
DA:292,0
DA:293,0
DA:295,0
DA:296,0
DA:297,0
DA:298,0
DA:300,0
DA:301,0
DA:302,0
DA:303,0
DA:304,0
DA:305,0
DA:307,0
DA:308,0
DA:309,0
DA:310,0
DA:311,0
DA:312,0
DA:313,0
DA:314,0
DA:315,0
DA:316,0
DA:317,0
DA:318,0
DA:319,0
DA:321,0
DA:322,0
DA:323,0
DA:324,0
DA:325,0
DA:326,0
DA:327,0
DA:328,0
DA:329,0
DA:330,0
DA:331,0
DA:332,0
DA:333,0
DA:334,0
DA:336,0
DA:337,0
DA:338,0
DA:340,0
DA:341,0
DA:342,0
DA:343,0
DA:345,0
DA:346,0
DA:347,0
DA:348,0
DA:349,0
DA:350,0
DA:352,0
DA:353,0
DA:354,0
DA:355,0
DA:357,0
DA:358,0
DA:359,0
DA:360,0
DA:361,0
DA:363,0
DA:364,0
DA:365,0
DA:366,0
DA:367,0
DA:368,0
DA:369,0
DA:370,0
DA:371,0
DA:372,0
DA:373,0
DA:374,0
DA:375,0
DA:376,0
DA:377,0
DA:378,0
DA:380,0
DA:381,0
DA:382,0
DA:383,0
DA:384,0
DA:385,0
DA:386,0
DA:387,0
DA:388,0
DA:389,0
DA:390,0
DA:391,0
DA:392,0
DA:393,0
DA:394,0
DA:395,0
DA:396,0
DA:397,0
DA:398,0
DA:399,0
DA:400,0
DA:401,0
DA:402,0
DA:403,0
DA:404,0
DA:405,0
DA:406,0
DA:407,0
DA:408,0
DA:409,0
DA:410,0
DA:411,0
DA:412,0
DA:413,0
DA:414,0
DA:415,0
DA:416,0
DA:417,0
DA:418,0
DA:419,0
DA:420,0
DA:421,0
DA:422,0
DA:423,0
DA:424,0
DA:425,0
DA:426,0
DA:427,0
DA:428,0
DA:429,0
DA:430,0
DA:431,0
DA:433,0
DA:434,0
DA:435,0
DA:437,0
DA:438,0
DA:439,0
DA:440,0
DA:441,0
DA:442,0
DA:443,0
DA:444,0
DA:446,0
DA:447,0
DA:448,0
DA:451,0
DA:452,0
DA:453,0
DA:454,0
DA:455,0
DA:456,0
DA:458,0
DA:459,0
DA:460,0
DA:461,0
DA:462,0
DA:463,0
DA:464,0
DA:465,0
DA:466,0
DA:467,0
DA:468,0
DA:469,0
DA:470,0
DA:471,0
DA:472,0
DA:473,0
DA:474,0
DA:475,0
DA:476,0
DA:477,0
DA:478,0
DA:479,0
DA:480,0
DA:481,0
DA:482,0
DA:483,0
DA:484,0
DA:485,0
DA:486,0
DA:487,0
DA:488,0
DA:489,0
DA:490,0
DA:491,0
DA:493,0
DA:494,0
DA:495,0
DA:496,0
DA:497,0
DA:498,0
DA:499,0
DA:500,0
DA:501,0
DA:503,0
DA:504,0
DA:505,0
DA:506,0
DA:507,0
DA:509,0
DA:510,0
DA:511,0
DA:513,0
DA:514,0
DA:515,0
DA:516,0
DA:517,0
DA:518,0
DA:520,0
DA:521,0
DA:522,0
DA:523,0
DA:525,0
DA:526,0
DA:527,0
DA:528,0
DA:530,0
DA:531,0
DA:532,0
DA:533,0
DA:534,0
DA:535,0
DA:536,0
DA:537,0
DA:538,0
DA:539,0
DA:540,0
DA:541,0
DA:542,0
DA:543,0
DA:544,0
DA:545,0
DA:546,0
DA:547,0
DA:549,0
DA:550,0
DA:551,0
DA:552,0
DA:553,0
DA:554,0
DA:555,0
DA:556,0
DA:557,0
DA:558,0
DA:559,0
DA:560,0
DA:561,0
DA:562,0
DA:563,0
DA:564,0
DA:565,0
DA:566,0
DA:567,0
DA:568,0
DA:569,0
DA:570,0
DA:571,0
DA:572,0
DA:573,0
DA:574,0
DA:579,0
DA:580,0
DA:581,0
DA:582,0
DA:583,0
DA:584,0
LF:505
LH:0
BRDA:1,0,0,0
BRF:1
BRH:0
end_of_record
TN:
SF:src\core\history\editorHistoryCore.ts
FN:12,createEditorHistoryCore
FN:25,now
FN:27,setTimeout
FN:28,clearTimeout
FN:41,bump
FN:45,commitCaptureNow
FN:54,scheduleCapture
FN:63,flushPendingCapture
FN:70,applyAndNotify
FN:75,undo
FN:89,redo
FN:104,save
FN:123,setEditorSaveHandler
FN:127,replaceCurrent
FN:141,canUndo
FN:142,canRedo
FN:143,getLastSavedAt
FNF:17
FNH:15
FNDA:16,createEditorHistoryCore
FNDA:0,now
FNDA:22,setTimeout
FNDA:21,clearTimeout
FNDA:30,bump
FNDA:22,commitCaptureNow
FNDA:23,scheduleCapture
FNDA:30,flushPendingCapture
FNDA:8,applyAndNotify
FNDA:6,undo
FNDA:3,redo
FNDA:0,save
FNDA:1,setEditorSaveHandler
FNDA:1,replaceCurrent
FNDA:9,canUndo
FNDA:8,canRedo
FNDA:1,getLastSavedAt
DA:1,1
DA:12,1
DA:22,16
DA:23,16
DA:24,16
DA:25,16
DA:26,16
DA:27,16
DA:28,16
DA:29,16
DA:31,16
DA:32,16
DA:33,16
DA:35,16
DA:36,16
DA:38,16
DA:39,16
DA:41,16
DA:42,30
DA:43,30
DA:45,16
DA:46,22
DA:47,22
DA:48,22
DA:49,22
DA:50,22
DA:51,22
DA:52,22
DA:54,16
DA:55,23
DA:56,23
DA:57,22
DA:58,0
DA:59,0
DA:60,22
DA:61,23
DA:63,16
DA:64,30
DA:65,21
DA:66,21
DA:67,21
DA:68,30
DA:70,16
DA:71,8
DA:72,8
DA:73,8
DA:75,16
DA:76,6
DA:77,6
DA:78,5
DA:79,5
DA:80,5
DA:81,5
DA:82,5
DA:83,5
DA:84,5
DA:85,5
DA:86,5
DA:87,6
DA:89,16
DA:90,3
DA:91,3
DA:92,2
DA:93,2
DA:94,2
DA:95,3
DA:96,2
DA:97,2
DA:98,2
DA:99,2
DA:100,2
DA:101,2
DA:102,3
DA:104,16
DA:105,0
DA:107,0
DA:108,0
DA:109,0
DA:110,0
DA:111,0
DA:112,0
DA:113,0
DA:114,0
DA:115,0
DA:117,0
DA:118,0
DA:119,0
DA:120,0
DA:121,0
DA:123,16
DA:124,1
DA:125,1
DA:127,16
DA:128,1
DA:129,1
DA:130,1
DA:131,1
DA:132,1
DA:133,1
DA:134,1
DA:135,1
DA:136,1
DA:137,1
DA:138,1
DA:140,16
DA:141,16
DA:142,16
DA:143,16
DA:144,16
DA:145,16
DA:146,16
DA:147,16
DA:148,16
DA:149,16
DA:150,16
DA:151,16
DA:152,16
DA:153,16
LF:118
LH:101
BRDA:12,0,0,16
BRDA:23,1,0,11
BRDA:27,2,0,22
BRDA:28,3,0,21
BRDA:41,4,0,30
BRDA:42,5,0,1
BRDA:45,6,0,22
BRDA:46,7,0,0
BRDA:48,8,0,7
BRDA:54,9,0,23
BRDA:55,10,0,0
BRDA:56,11,0,1
BRDA:56,12,0,22
BRDA:63,13,0,30
BRDA:64,14,0,9
BRDA:64,15,0,21
BRDA:70,16,0,8
BRDA:72,17,0,3
BRDA:75,18,0,6
BRDA:77,19,0,1
BRDA:77,20,0,5
BRDA:89,21,0,3
BRDA:91,22,0,1
BRDA:91,23,0,2
BRDA:95,24,0,0
BRDA:95,25,0,2
BRDA:123,26,0,1
BRDA:127,27,0,1
BRDA:141,28,0,9
BRDA:142,29,0,8
BRDA:143,30,0,1
BRF:31
BRH:28
end_of_record
TN:
SF:src\core\history\index.ts
FN:1,(empty-report)
FNF:1
FNH:0
FNDA:0,(empty-report)
DA:1,0
LF:1
LH:0
BRDA:1,0,0,0
BRF:1
BRH:0
end_of_record
TN:
SF:src\core\project\index.ts
FN:1,(empty-report)
FNF:1
FNH:0
FNDA:0,(empty-report)
DA:1,0
LF:1
LH:0
BRDA:1,0,0,0
BRF:1
BRH:0
end_of_record
TN:
SF:src\core\project\package\assets.ts
FN:5,isNonEmptyString
FN:7,walkNodes
FN:21,collectUsedImageAssetIdsFromSnapshot
FN:36,buildManifestFromSnapshotV1
FNF:4
FNH:0
FNDA:0,isNonEmptyString
FNDA:0,walkNodes
FNDA:0,collectUsedImageAssetIdsFromSnapshot
FNDA:0,buildManifestFromSnapshotV1
DA:5,1
DA:7,1
DA:8,0
DA:9,0
DA:10,0
DA:11,0
DA:12,0
DA:13,0
DA:14,0
DA:15,0
DA:16,0
DA:17,0
DA:18,0
DA:19,0
DA:21,1
DA:22,0
DA:23,0
DA:24,0
DA:25,0
DA:26,0
DA:27,0
DA:28,0
DA:29,0
DA:30,0
DA:31,0
DA:32,0
DA:33,0
DA:34,0
DA:36,1
DA:37,0
DA:38,0
DA:40,0
DA:42,0
DA:43,0
DA:44,0
DA:45,0
DA:46,0
DA:47,0
DA:48,0
DA:49,0
DA:50,0
DA:51,0
DA:54,0
DA:55,0
DA:56,0
DA:57,0
DA:59,0
DA:60,0
LF:48
LH:4
BRF:0
BRH:0
end_of_record
TN:
SF:src\core\project\package\ids.ts
FN:3,genStableId
FNF:1
FNH:0
FNDA:0,genStableId
DA:1,1
DA:3,1
DA:4,0
DA:5,0
DA:6,0
LF:5
LH:2
BRF:0
BRH:0
end_of_record
TN:
SF:src\core\project\package\index.ts
FNF:0
FNH:0
DA:1,1
LF:1
LH:1
BRF:0
BRH:0
end_of_record
TN:
SF:src\core\project\package\io.ts
FN:9,exportSnapshotToProjectPackageV1
FN:15,exportSnapshotToProjectPackageV1String
FN:19,ensureManifestForSnapshotV1
FN:24,importProjectPackageV1String
FNF:4
FNH:0
FNDA:0,exportSnapshotToProjectPackageV1
FNDA:0,exportSnapshotToProjectPackageV1String
FNDA:0,ensureManifestForSnapshotV1
FNDA:0,importProjectPackageV1String
DA:1,1
DA:9,1
DA:10,0
DA:11,0
DA:12,0
DA:13,0
DA:15,1
DA:16,0
DA:17,0
DA:19,1
DA:20,0
DA:21,0
DA:22,0
DA:24,1
DA:25,0
DA:26,0
DA:27,0
DA:28,0
DA:29,0
DA:30,0
DA:31,0
DA:32,0
DA:33,0
DA:34,0
DA:35,0
LF:25
LH:5
BRF:0
BRH:0
end_of_record
TN:
SF:src\core\project\package\normalize.ts
FN:7,walkTree
FN:15,normalizeLayerRoot
FN:30,toNumber
FN:35,normalizeSnapshotV1
FNF:4
FNH:0
FNDA:0,walkTree
FNDA:0,normalizeLayerRoot
FNDA:0,toNumber
FNDA:0,normalizeSnapshotV1
DA:1,1
DA:7,1
DA:8,0
DA:9,0
DA:10,0
DA:11,0
DA:12,0
DA:13,0
DA:15,1
DA:16,0
DA:17,0
DA:18,0
DA:19,0
DA:20,0
DA:21,0
DA:22,0
DA:23,0
DA:24,0
DA:25,0
DA:26,0
DA:27,0
DA:28,0
DA:30,1
DA:31,0
DA:32,0
DA:33,0
DA:35,1
DA:36,0
DA:37,0
DA:38,0
DA:39,0
DA:40,0
DA:41,0
DA:42,0
DA:43,0
DA:44,0
DA:45,0
DA:46,0
DA:47,0
DA:48,0
DA:49,0
DA:50,0
DA:51,0
DA:52,0
DA:53,0
DA:54,0
DA:55,0
DA:56,0
DA:57,0
DA:58,0
DA:59,0
DA:60,0
DA:61,0
DA:62,0
DA:63,0
DA:64,0
DA:65,0
DA:66,0
DA:67,0
DA:68,0
DA:69,0
DA:70,0
DA:71,0
LF:63
LH:5
BRF:0
BRH:0
end_of_record
TN:
SF:src\core\project\package\rewriteAssetIds.ts
FN:6,mapTree
FN:21,mapImageNodeProps
FN:30,rewriteImageAssetIdsOnImportV1
FNF:3
FNH:0
FNDA:0,mapTree
FNDA:0,mapImageNodeProps
FNDA:0,rewriteImageAssetIdsOnImportV1
DA:1,1
DA:6,1
DA:7,0
DA:8,0
DA:9,0
DA:10,0
DA:11,0
DA:12,0
DA:13,0
DA:14,0
DA:15,0
DA:16,0
DA:17,0
DA:18,0
DA:19,0
DA:21,1
DA:22,0
DA:23,0
DA:24,0
DA:25,0
DA:26,0
DA:27,0
DA:28,0
DA:30,1
DA:34,0
DA:35,0
DA:36,0
DA:37,0
DA:38,0
DA:39,0
DA:40,0
DA:41,0
DA:42,0
DA:43,0
DA:44,0
DA:46,0
DA:47,0
DA:48,0
DA:49,0
DA:50,0
DA:51,0
DA:52,0
DA:53,0
DA:54,0
DA:55,0
DA:56,0
DA:57,0
DA:58,0
DA:59,0
DA:60,0
DA:61,0
DA:62,0
DA:64,0
DA:65,0
DA:66,0
DA:67,0
DA:68,0
DA:69,0
DA:70,0
DA:71,0
DA:73,0
DA:74,0
LF:62
LH:4
BRF:0
BRH:0
end_of_record
TN:
SF:src\core\project\package\serialize.ts
FN:12,exportProjectJsonV1
FN:20,createEmptyManifestV1
FN:22,exportProjectPackageV1
FN:37,stringifyProjectJson
FN:41,stringifyProjectPackageV1
FN:45,parseProjectJsonV1
FN:62,parseProjectManifestV1
FN:97,parseProjectPackageV1
FNF:8
FNH:8
FNDA:9,exportProjectJsonV1
FNDA:7,createEmptyManifestV1
FNDA:5,exportProjectPackageV1
FNDA:2,stringifyProjectJson
FNDA:3,stringifyProjectPackageV1
FNDA:8,parseProjectJsonV1
FNDA:5,parseProjectManifestV1
FNDA:4,parseProjectPackageV1
DA:1,1
DA:12,1
DA:13,9
DA:14,9
DA:15,9
DA:16,9
DA:17,9
DA:18,9
DA:20,1
DA:22,1
DA:23,5
DA:24,5
DA:29,5
DA:30,5
DA:31,5
DA:32,5
DA:33,5
DA:34,5
DA:35,5
DA:37,1
DA:38,2
DA:39,2
DA:41,1
DA:42,3
DA:43,3
DA:45,1
DA:46,8
DA:47,8
DA:48,1
DA:49,1
DA:50,5
DA:51,8
DA:52,8
DA:53,8
DA:54,8
DA:55,3
DA:56,3
DA:57,8
DA:58,8
DA:59,8
DA:60,8
DA:62,1
DA:63,5
DA:64,4
DA:65,5
DA:66,4
DA:67,5
DA:68,4
DA:69,4
DA:70,4
DA:71,3
DA:72,3
DA:73,2
DA:74,2
DA:75,2
DA:76,2
DA:77,2
DA:78,2
DA:79,2
DA:80,2
DA:81,2
DA:82,2
DA:83,4
DA:84,4
DA:85,4
DA:86,4
DA:87,4
DA:88,4
DA:89,4
DA:90,4
DA:91,4
DA:92,4
DA:93,4
DA:94,4
DA:95,4
DA:97,1
DA:98,4
DA:99,4
DA:100,3
DA:101,3
DA:102,3
DA:103,4
DA:104,2
DA:105,2
DA:106,4
DA:107,2
DA:108,4
DA:109,2
DA:110,4
DA:111,0
DA:112,0
DA:113,0
DA:114,0
DA:115,0
DA:116,0
DA:117,2
DA:118,2
DA:119,2
DA:120,2
DA:121,2
DA:122,2
LF:101
LH:95
BRDA:12,0,0,9
BRDA:20,1,0,7
BRDA:22,2,0,5
BRDA:31,3,0,1
BRDA:32,4,0,1
BRDA:32,5,0,4
BRDA:33,6,0,1
BRDA:33,7,0,4
BRDA:37,8,0,2
BRDA:41,9,0,3
BRDA:45,10,0,8
BRDA:47,11,0,6
BRDA:47,12,0,1
BRDA:49,13,0,5
BRDA:51,14,0,1
BRDA:51,15,0,4
BRDA:52,16,0,1
BRDA:52,17,0,3
BRDA:53,18,0,0
BRDA:53,19,0,3
BRDA:54,20,0,0
BRDA:54,21,0,3
BRDA:57,22,0,0
BRDA:62,23,0,5
BRDA:63,24,0,1
BRDA:63,25,0,4
BRDA:65,26,0,0
BRDA:65,27,0,4
BRDA:67,28,0,0
BRDA:67,29,0,4
BRDA:68,30,0,0
BRDA:70,31,0,1
BRDA:70,32,0,3
BRDA:72,33,0,1
BRDA:72,34,0,2
BRDA:83,35,0,0
BRDA:83,36,0,2
BRDA:84,37,0,0
BRDA:84,38,0,2
BRDA:85,39,0,0
BRDA:85,40,0,2
BRDA:86,41,0,0
BRDA:86,42,0,2
BRDA:87,43,0,0
BRDA:87,44,0,2
BRDA:88,45,0,0
BRDA:88,46,0,2
BRDA:97,47,0,4
BRDA:99,48,0,0
BRDA:99,49,0,3
BRDA:103,50,0,1
BRDA:103,51,0,2
BRDA:106,52,0,0
BRDA:106,53,0,2
BRDA:108,54,0,0
BRDA:108,55,0,2
BRDA:110,56,0,0
BRDA:110,57,0,0
BRDA:116,58,0,2
BRF:59
BRH:42
end_of_record
TN:
SF:src\core\scene\geometry.ts
FN:10,rotatedRectCorners
FN:17,rot
FN:41,toFiniteNumber
FN:46,normalizeLineLocalPoints
FN:73,scaleLineLocalPoints
FN:86,suggestLineAnchorLocal
FN:124,lineControlPointsWorld
FN:129,rot
FN:137,worldToLocalRotated
FNF:9
FNH:9
FNDA:5,rotatedRectCorners
FNDA:20,rot
FNDA:42,toFiniteNumber
FNDA:7,normalizeLineLocalPoints
FNDA:3,scaleLineLocalPoints
FNDA:10,suggestLineAnchorLocal
FNDA:2,lineControlPointsWorld
FNDA:6,rot
FNDA:3,worldToLocalRotated
DA:10,1
DA:11,5
DA:12,5
DA:13,5
DA:14,5
DA:15,5
DA:16,5
DA:17,5
DA:18,5
DA:19,5
DA:20,5
DA:21,5
DA:22,5
DA:23,5
DA:24,5
DA:41,1
DA:42,42
DA:43,42
DA:44,42
DA:46,1
DA:50,7
DA:51,7
DA:52,7
DA:53,7
DA:54,7
DA:55,7
DA:56,7
DA:57,7
DA:58,7
DA:59,7
DA:60,7
DA:61,7
DA:62,7
DA:63,7
DA:64,7
DA:65,7
DA:66,7
DA:67,7
DA:68,7
DA:69,7
DA:70,7
DA:71,7
DA:73,1
DA:74,3
DA:75,3
DA:76,3
DA:77,3
DA:78,3
DA:79,3
DA:80,3
DA:81,3
DA:82,3
DA:83,3
DA:84,3
DA:86,1
DA:93,10
DA:94,10
DA:95,10
DA:96,10
DA:97,10
DA:98,10
DA:99,10
DA:100,10
DA:101,10
DA:102,10
DA:103,10
DA:104,10
DA:105,10
DA:106,10
DA:107,10
DA:108,6
DA:109,6
DA:110,10
DA:111,1
DA:112,1
DA:113,4
DA:114,1
DA:115,1
DA:116,1
DA:117,10
DA:118,10
DA:119,10
DA:120,10
DA:121,10
DA:122,10
DA:124,1
DA:125,2
DA:126,2
DA:127,2
DA:128,2
DA:129,2
DA:130,2
DA:131,2
DA:132,2
DA:133,2
DA:134,2
DA:135,2
DA:137,1
DA:138,3
DA:139,3
DA:140,3
DA:141,3
DA:142,3
DA:143,3
LF:104
LH:104
BRDA:10,0,0,5
BRDA:13,1,0,4
BRDA:13,2,0,1
BRDA:14,3,0,4
BRDA:14,4,0,1
BRDA:17,5,0,20
BRDA:41,6,0,42
BRDA:43,7,0,10
BRDA:43,8,0,32
BRDA:46,9,0,7
BRDA:51,10,0,1
BRDA:52,11,0,0
BRDA:53,12,0,4
BRDA:73,13,0,3
BRDA:74,14,0,2
BRDA:74,15,0,1
BRDA:75,16,0,2
BRDA:75,17,0,1
BRDA:86,18,0,10
BRDA:94,19,0,2
BRDA:95,20,0,8
BRDA:96,21,0,2
BRDA:97,22,0,8
BRDA:98,23,0,0
BRDA:99,24,0,0
BRDA:107,25,0,8
BRDA:107,26,0,6
BRDA:110,27,0,4
BRDA:110,28,0,2
BRDA:110,29,0,1
BRDA:113,30,0,3
BRDA:113,31,0,1
BRDA:113,32,0,1
BRDA:124,33,0,2
BRDA:129,34,0,6
BRDA:137,35,0,3
BRF:36
BRH:33
end_of_record
TN:
SF:src\core\scene\index.ts
FNF:0
FNH:0
DA:1,1
DA:2,1
DA:3,1
DA:4,1
DA:5,1
LF:5
LH:5
BRF:0
BRH:0
end_of_record
TN:
SF:src\core\scene\nodesType.ts
FNF:0
FNH:0
DA:1,1
DA:3,1
LF:2
LH:2
BRF:0
BRH:0
end_of_record
TN:
SF:src\core\scene\tree.ts
FN:11,findLayer
FN:13,getLayerNodeTree
FN:17,walkTree
FN:33,detachNode
FN:44,findNode
FN:55,nodeExistsInAnyLayer
FN:62,collectAllNames
FN:70,makeUniqueName
FN:84,isDescendant
FN:92,findWorldPos
FN:93,clampScale
FN:98,dfs
FN:138,buildRenderPipeline
FN:141,dfs
FN:156,findLayerIdByNodeIdInLayers
FN:165,findUserNodeTransformInLayers
FN:183,findUserNodeWithWorldInLayers
FNF:17
FNH:17
FNDA:6,findLayer
FNDA:2,getLayerNodeTree
FNDA:150,walkTree
FNDA:2,detachNode
FNDA:73,findNode
FNDA:2,nodeExistsInAnyLayer
FNDA:3,collectAllNames
FNDA:7,makeUniqueName
FNDA:10,isDescendant
FNDA:10,findWorldPos
FNDA:18,clampScale
FNDA:12,dfs
FNDA:5,buildRenderPipeline
FNDA:6,dfs
FNDA:4,findLayerIdByNodeIdInLayers
FNDA:4,findUserNodeTransformInLayers
FNDA:4,findUserNodeWithWorldInLayers
DA:11,1
DA:13,1
DA:14,2
DA:15,2
DA:17,1
DA:18,150
DA:19,150
DA:20,150
DA:21,150
DA:22,150
DA:23,163
DA:24,163
DA:25,163
DA:26,47
DA:27,47
DA:28,47
DA:29,163
DA:30,47
DA:31,47
DA:33,1
DA:34,2
DA:35,2
DA:36,3
DA:37,1
DA:38,1
DA:39,1
DA:40,2
DA:41,2
DA:42,2
DA:44,1
DA:45,73
DA:46,73
DA:47,117
DA:48,66
DA:49,66
DA:50,66
DA:51,73
DA:52,73
DA:53,73
DA:55,1
DA:56,2
DA:57,2
DA:58,2
DA:59,1
DA:60,1
DA:62,1
DA:63,3
DA:64,3
DA:65,4
DA:66,3
DA:67,3
DA:68,3
DA:70,1
DA:71,7
DA:72,7
DA:73,5
DA:74,5
DA:75,7
DA:76,9
DA:77,9
DA:78,9
DA:79,9
DA:80,9
DA:81,5
DA:82,5
DA:84,1
DA:85,10
DA:86,10
DA:87,9
DA:88,10
DA:89,2
DA:90,2
DA:92,1
DA:93,10
DA:94,18
DA:95,18
DA:96,18
DA:97,18
DA:98,10
DA:99,12
DA:100,12
DA:101,12
DA:102,12
DA:103,10
DA:104,10
DA:105,10
DA:106,10
DA:107,10
DA:108,10
DA:109,10
DA:110,10
DA:111,10
DA:112,10
DA:113,10
DA:114,10
DA:115,10
DA:116,10
DA:118,6
DA:119,6
DA:120,6
DA:121,6
DA:122,6
DA:123,6
DA:124,6
DA:125,4
DA:126,10
DA:127,10
DA:128,10
DA:129,2
DA:130,2
DA:131,2
DA:132,10
DA:133,3
DA:134,12
DA:135,10
DA:136,10
DA:138,1
DA:139,5
DA:140,5
DA:141,5
DA:142,6
DA:143,6
DA:144,6
DA:147,6
DA:148,6
DA:149,6
DA:150,6
DA:151,5
DA:152,5
DA:153,5
DA:154,5
DA:156,1
DA:157,4
DA:158,4
DA:159,3
DA:160,3
DA:161,3
DA:162,2
DA:163,2
DA:165,1
DA:166,4
DA:167,4
DA:168,4
DA:169,3
DA:170,3
DA:171,3
DA:172,3
DA:173,2
DA:174,2
DA:183,1
DA:184,4
DA:185,4
DA:186,4
DA:187,4
DA:188,4
DA:189,4
DA:190,1
DA:191,1
DA:192,3
DA:193,3
LF:160
LH:160
BRDA:11,0,0,6
BRDA:11,1,0,8
BRDA:13,2,0,2
BRDA:14,3,0,1
BRDA:14,4,0,1
BRDA:17,5,0,150
BRDA:22,6,0,163
BRDA:24,7,0,68
BRDA:24,8,0,150
BRDA:24,9,0,95
BRDA:25,10,0,58
BRDA:25,11,0,47
BRDA:27,12,0,35
BRDA:29,13,0,47
BRDA:33,14,0,2
BRDA:35,15,0,3
BRDA:36,16,0,2
BRDA:36,17,0,1
BRDA:37,18,0,1
BRDA:44,19,0,73
BRDA:46,20,0,117
BRDA:47,21,0,66
BRDA:55,22,0,2
BRDA:57,23,0,1
BRDA:58,24,0,1
BRDA:62,25,0,3
BRDA:64,26,0,4
BRDA:65,27,0,0
BRDA:70,28,0,7
BRDA:71,29,0,0
BRDA:71,30,0,0
BRDA:72,31,0,2
BRDA:72,32,0,5
BRDA:75,33,0,9
BRDA:76,34,0,0
BRDA:77,35,0,1
BRDA:77,36,0,8
BRDA:78,37,0,3
BRDA:78,38,0,5
BRDA:79,39,0,8
BRDA:80,40,0,5
BRDA:84,41,0,10
BRDA:86,42,0,1
BRDA:86,43,0,9
BRDA:88,44,0,3
BRDA:88,45,0,7
BRDA:88,46,0,2
BRDA:92,47,0,10
BRDA:93,48,0,18
BRDA:95,49,0,0
BRDA:98,50,0,12
BRDA:102,51,0,10
BRDA:104,52,0,6
BRDA:104,53,0,0
BRDA:104,54,0,4
BRDA:105,55,0,6
BRDA:105,56,0,0
BRDA:105,57,0,4
BRDA:106,58,0,6
BRDA:106,59,0,0
BRDA:106,60,0,4
BRDA:107,61,0,6
BRDA:107,62,0,4
BRDA:108,63,0,6
BRDA:108,64,0,4
BRDA:109,65,0,6
BRDA:109,66,0,4
BRDA:116,67,0,6
BRDA:124,68,0,4
BRDA:126,69,0,6
BRDA:126,70,0,4
BRDA:127,71,0,7
BRDA:127,72,0,3
BRDA:128,73,0,2
BRDA:132,74,0,3
BRDA:138,75,0,5
BRDA:141,76,0,6
BRDA:144,77,0,5
BRDA:144,78,0,0
BRDA:144,79,0,1
BRDA:144,80,0,0
BRDA:148,81,0,5
BRDA:148,82,0,1
BRDA:156,83,0,4
BRDA:157,84,0,1
BRDA:158,85,0,1
BRDA:158,86,0,3
BRDA:160,87,0,1
BRDA:161,88,0,2
BRDA:165,89,0,4
BRDA:166,90,0,0
BRDA:167,91,0,0
BRDA:168,92,0,3
BRDA:170,93,0,1
BRDA:170,94,0,2
BRDA:171,95,0,1
BRDA:171,96,0,0
BRDA:171,97,0,1
BRDA:172,98,0,2
BRDA:183,99,0,4
BRDA:184,100,0,0
BRDA:185,101,0,0
BRDA:188,102,0,1
BRDA:188,103,0,3
BRDA:189,104,0,2
BRDA:189,105,0,2
BRDA:189,106,0,1
BRDA:191,107,0,3
BRF:108
BRH:93
end_of_record
TN:
SF:src\core\scene\treeTypes.ts
FN:1,(empty-report)
FNF:1
FNH:1
FNDA:1,(empty-report)
LF:0
LH:0
BRDA:1,0,0,1
BRF:1
BRH:1
end_of_record
TN:
SF:src\core\scene\commands\index.ts
FNF:0
FNH:0
DA:1,1
DA:2,1
DA:3,1
DA:4,1
DA:5,1
DA:6,1
DA:7,1
LF:7
LH:7
BRF:0
BRH:0
end_of_record
TN:
SF:src\core\scene\commands\interaction.ts
FNF:0
FNH:0
DA:1,1
LF:1
LH:1
BRF:0
BRH:0
end_of_record
TN:
SF:src\core\scene\commands\lines.ts
FNF:0
FNH:0
DA:1,1
LF:1
LH:1
BRF:0
BRH:0
end_of_record
TN:
SF:src\core\scene\commands\moveNode.ts
FNF:0
FNH:0
DA:1,1
LF:1
LH:1
BRF:0
BRH:0
end_of_record
TN:
SF:src\core\scene\commands\nodes.ts
FNF:0
FNH:0
DA:1,1
LF:1
LH:1
BRF:0
BRH:0
end_of_record
TN:
SF:src\core\scene\commands\overlay.ts
FNF:0
FNH:0
DA:1,1
LF:1
LH:1
BRF:0
BRH:0
end_of_record
TN:
SF:src\core\scene\commands\selection.ts
FNF:0
FNH:0
DA:1,1
LF:1
LH:1
BRF:0
BRH:0
end_of_record
TN:
SF:src\core\scene\commands\snap.ts
FNF:0
FNH:0
DA:1,1
LF:1
LH:1
BRF:0
BRH:0
end_of_record
TN:
SF:src\core\scene\commands\interaction\index.ts
FN:8,computeMovableSelectionIds
FN:27,getNodeLocalXY
FN:35,buildStartXYByIdForMove
FN:47,resolveMarqueeSelection
FN:74,shouldCollapseMultiSelectionOnPointerUp
FNF:5
FNH:0
FNDA:0,computeMovableSelectionIds
FNDA:0,getNodeLocalXY
FNDA:0,buildStartXYByIdForMove
FNDA:0,resolveMarqueeSelection
FNDA:0,shouldCollapseMultiSelectionOnPointerUp
DA:1,1
DA:8,1
DA:9,0
DA:10,0
DA:12,0
DA:13,0
DA:14,0
DA:15,0
DA:17,0
DA:18,0
DA:19,0
DA:20,0
DA:21,0
DA:22,0
DA:23,0
DA:24,0
DA:25,0
DA:27,1
DA:28,0
DA:29,0
DA:30,0
DA:31,0
DA:32,0
DA:33,0
DA:35,1
DA:36,0
DA:37,0
DA:38,0
DA:39,0
DA:40,0
DA:41,0
DA:42,0
DA:43,0
DA:44,0
DA:45,0
DA:47,1
DA:52,0
DA:53,0
DA:54,0
DA:55,0
DA:57,0
DA:58,0
DA:59,0
DA:60,0
DA:62,0
DA:63,0
DA:64,0
DA:65,0
DA:66,0
DA:67,0
DA:68,0
DA:69,0
DA:70,0
DA:71,0
DA:72,0
DA:74,1
DA:75,0
DA:76,0
DA:77,0
DA:78,0
DA:79,0
LF:61
LH:6
BRF:0
BRH:0
end_of_record
TN:
SF:src\core\scene\commands\lines\index.ts
FN:6,computeLinePointPatchFromWorld
FNF:1
FNH:0
FNDA:0,computeLinePointPatchFromWorld
DA:1,1
DA:6,1
DA:7,0
DA:8,0
DA:9,0
DA:10,0
DA:11,0
DA:12,0
DA:13,0
DA:14,0
LF:10
LH:2
BRF:0
BRH:0
end_of_record
TN:
SF:src\core\scene\commands\moveNode\index.ts
FN:6,moveNodeInLayer
FNF:1
FNH:0
FNDA:0,moveNodeInLayer
DA:1,1
DA:6,1
DA:7,0
DA:8,0
DA:9,0
DA:11,0
DA:12,0
DA:13,0
DA:15,0
DA:16,0
DA:17,0
DA:18,0
DA:19,0
DA:20,0
DA:21,0
DA:23,0
DA:24,0
DA:26,0
DA:27,0
DA:28,0
DA:29,0
DA:30,0
DA:31,0
DA:32,0
DA:33,0
DA:34,0
DA:35,0
DA:36,0
DA:37,0
DA:38,0
DA:39,0
DA:40,0
DA:41,0
DA:43,0
DA:44,0
DA:45,0
DA:46,0
DA:47,0
DA:48,0
DA:49,0
DA:50,0
DA:51,0
DA:52,0
DA:53,0
DA:54,0
DA:55,0
DA:56,0
DA:58,0
DA:59,0
DA:60,0
DA:61,0
DA:62,0
DA:63,0
DA:64,0
LF:54
LH:2
BRF:0
BRH:0
end_of_record
TN:
SF:src\core\scene\commands\nodes\index.ts
FN:15,createRenderableNode
FN:52,addRenderableNodeToLayer
FN:76,ensureUniqueNamesForTree
FN:85,addNodeTreeToLayer
FN:173,normalizeTransformPatch
FN:197,updateUserNodeTransform
FN:205,updateNodeName
FN:212,updateUserNodeProps
FN:235,setUserNodeType
FNF:9
FNH:0
FNDA:0,createRenderableNode
FNDA:0,addRenderableNodeToLayer
FNDA:0,ensureUniqueNamesForTree
FNDA:0,addNodeTreeToLayer
FNDA:0,normalizeTransformPatch
FNDA:0,updateUserNodeTransform
FNDA:0,updateNodeName
FNDA:0,updateUserNodeProps
FNDA:0,setUserNodeType
DA:1,1
DA:15,1
DA:16,0
DA:17,0
DA:18,0
DA:19,0
DA:20,0
DA:21,0
DA:22,0
DA:23,0
DA:24,0
DA:25,0
DA:26,0
DA:27,0
DA:28,0
DA:29,0
DA:30,0
DA:31,0
DA:32,0
DA:33,0
DA:34,0
DA:35,0
DA:36,0
DA:37,0
DA:38,0
DA:39,0
DA:40,0
DA:41,0
DA:42,0
DA:43,0
DA:44,0
DA:45,0
DA:46,0
DA:47,0
DA:48,0
DA:49,0
DA:50,0
DA:52,1
DA:57,0
DA:58,0
DA:59,0
DA:60,0
DA:62,0
DA:63,0
DA:65,0
DA:66,0
DA:67,0
DA:68,0
DA:69,0
DA:70,0
DA:71,0
DA:73,0
DA:74,0
DA:76,1
DA:77,0
DA:78,0
DA:79,0
DA:80,0
DA:81,0
DA:82,0
DA:83,0
DA:85,1
DA:90,0
DA:91,0
DA:92,0
DA:93,0
DA:95,0
DA:96,0
DA:97,0
DA:98,0
DA:99,0
DA:100,0
DA:101,0
DA:102,0
DA:103,0
DA:104,0
DA:106,0
DA:108,0
DA:110,0
DA:111,0
DA:112,0
DA:113,0
DA:114,0
DA:115,0
DA:116,0
DA:117,0
DA:118,0
DA:119,0
DA:120,0
DA:121,0
DA:122,0
DA:123,0
DA:124,0
DA:125,0
DA:126,0
DA:127,0
DA:128,0
DA:129,0
DA:130,0
DA:131,0
DA:132,0
DA:133,0
DA:134,0
DA:137,0
DA:138,0
DA:139,0
DA:140,0
DA:141,0
DA:142,0
DA:143,0
DA:144,0
DA:145,0
DA:146,0
DA:147,0
DA:148,0
DA:150,0
DA:151,0
DA:152,0
DA:153,0
DA:154,0
DA:155,0
DA:157,0
DA:159,0
DA:160,0
DA:162,0
DA:163,0
DA:164,0
DA:165,0
DA:166,0
DA:167,0
DA:168,0
DA:170,0
DA:171,0
DA:173,1
DA:174,0
DA:175,0
DA:176,0
DA:177,0
DA:178,0
DA:179,0
DA:180,0
DA:181,0
DA:182,0
DA:183,0
DA:184,0
DA:185,0
DA:186,0
DA:187,0
DA:188,0
DA:189,0
DA:190,0
DA:191,0
DA:192,0
DA:193,0
DA:194,0
DA:195,0
DA:197,1
DA:198,0
DA:199,0
DA:200,0
DA:201,0
DA:202,0
DA:203,0
DA:205,1
DA:206,0
DA:207,0
DA:208,0
DA:209,0
DA:210,0
DA:212,1
DA:213,0
DA:214,0
DA:215,0
DA:216,0
DA:219,0
DA:220,0
DA:221,0
DA:222,0
DA:223,0
DA:224,0
DA:225,0
DA:226,0
DA:227,0
DA:228,0
DA:229,0
DA:230,0
DA:231,0
DA:232,0
DA:233,0
DA:235,1
DA:236,0
DA:237,0
DA:238,0
DA:239,0
DA:240,0
DA:241,0
DA:242,0
DA:243,0
DA:244,0
DA:245,0
DA:246,0
DA:247,0
DA:248,0
DA:249,0
DA:250,0
DA:251,0
DA:252,0
DA:253,0
DA:254,0
DA:255,0
DA:256,0
DA:257,0
DA:258,0
DA:259,0
DA:260,0
DA:261,0
DA:262,0
DA:263,0
DA:264,0
DA:265,0
DA:266,0
DA:267,0
DA:268,0
DA:269,0
DA:270,0
DA:271,0
DA:272,0
DA:273,0
DA:274,0
DA:275,0
DA:276,0
LF:231
LH:10
BRF:0
BRH:0
end_of_record
TN:
SF:src\core\scene\commands\nodes\textAutoSize.ts
FN:10,getMeasureCtx
FN:18,fallbackEstimate
FN:27,computeTextAutoSize
FNF:3
FNH:3
FNDA:4,getMeasureCtx
FNDA:4,fallbackEstimate
FNDA:4,computeTextAutoSize
DA:7,1
DA:8,1
DA:10,1
DA:11,4
DA:12,4
DA:13,4
DA:14,4
DA:15,4
DA:16,4
DA:18,1
DA:20,4
DA:21,4
DA:22,4
DA:23,4
DA:24,4
DA:25,4
DA:27,1
DA:28,4
DA:29,4
DA:30,4
DA:31,4
DA:34,4
DA:35,4
DA:37,4
DA:38,4
DA:39,4
DA:40,4
DA:41,0
DA:42,0
DA:43,0
DA:44,0
DA:45,0
DA:46,4
DA:47,4
DA:48,4
DA:50,4
DA:51,4
DA:52,4
DA:53,4
LF:39
LH:34
BRDA:10,0,0,4
BRDA:11,1,0,0
BRDA:12,2,0,0
BRDA:18,3,0,4
BRDA:21,4,0,4
BRDA:27,5,0,4
BRDA:29,6,0,0
BRDA:30,7,0,0
BRDA:31,8,0,0
BRDA:40,9,0,0
BRF:10
BRH:4
end_of_record
TN:
SF:src\core\scene\commands\nodes\utils.ts
FN:1,genId
FNF:1
FNH:1
FNDA:36,genId
DA:1,1
LF:1
LH:1
BRDA:1,0,0,36
BRF:1
BRH:1
end_of_record
TN:
SF:src\core\scene\commands\overlay\index.ts
FN:7,buildNodeOverlayGeometry
FNF:1
FNH:0
FNDA:0,buildNodeOverlayGeometry
DA:1,1
DA:7,1
DA:22,0
DA:23,0
DA:24,0
DA:25,0
DA:26,0
DA:27,0
DA:28,0
DA:29,0
DA:30,0
DA:31,0
DA:35,0
DA:36,0
DA:37,0
DA:38,0
DA:39,0
DA:40,0
DA:41,0
DA:42,0
DA:44,0
DA:45,0
DA:47,0
DA:48,0
DA:49,0
DA:50,0
DA:51,0
DA:52,0
DA:53,0
DA:54,0
DA:55,0
DA:56,0
DA:58,0
DA:59,0
LF:34
LH:2
BRF:0
BRH:0
end_of_record
TN:
SF:src\core\scene\commands\selection\index.ts
FN:9,setSingleSelection
FN:18,setMultiSelection
FN:27,clearSelection
FN:33,reconcileSelectionForActiveLayer
FN:49,reconcileSelectionAcrossLayers
FNF:5
FNH:4
FNDA:3,setSingleSelection
FNDA:2,setMultiSelection
FNDA:2,clearSelection
FNDA:2,reconcileSelectionForActiveLayer
FNDA:0,reconcileSelectionAcrossLayers
DA:1,1
DA:9,1
DA:10,3
DA:11,3
DA:12,3
DA:13,3
DA:14,3
DA:15,3
DA:16,3
DA:18,1
DA:19,2
DA:20,2
DA:21,2
DA:22,2
DA:23,2
DA:24,2
DA:25,2
DA:27,1
DA:28,2
DA:29,2
DA:30,2
DA:31,2
DA:33,1
DA:34,2
DA:35,2
DA:36,2
DA:37,2
DA:38,2
DA:39,2
DA:41,2
DA:42,2
DA:43,2
DA:44,2
DA:45,2
DA:46,2
DA:47,2
DA:49,1
DA:50,0
DA:51,0
DA:52,0
DA:53,0
DA:54,0
DA:55,0
DA:57,0
DA:58,0
DA:59,0
DA:60,0
DA:61,0
DA:62,0
DA:63,0
LF:50
LH:37
BRDA:9,0,0,3
BRDA:10,1,0,0
BRDA:12,2,0,0
BRDA:13,3,0,0
BRDA:14,4,0,0
BRDA:18,5,0,2
BRDA:22,6,0,0
BRDA:23,7,0,0
BRDA:27,8,0,2
BRDA:33,9,0,2
BRDA:38,10,0,0
BRDA:39,11,0,0
BRF:12
BRH:4
end_of_record
TN:
SF:src\core\scene\commands\selection\utils.ts
FN:1,toCleanIdList
FNF:1
FNH:1
FNDA:2,toCleanIdList
DA:1,1
DA:2,2
DA:3,2
DA:4,2
DA:5,2
DA:6,4
DA:7,4
DA:8,4
DA:9,4
DA:10,4
DA:11,4
DA:12,2
DA:13,2
LF:13
LH:13
BRDA:1,0,0,2
BRDA:2,1,0,0
BRDA:5,2,0,4
BRDA:6,3,0,0
BRDA:7,4,0,0
BRDA:8,5,0,0
BRF:6
BRH:2
end_of_record
TN:
SF:src\core\scene\commands\snap\axis.ts
FN:4,defaultCandidates
FN:43,applySnapAxis
FN:115,applyResizeSnapAxis
FNF:3
FNH:0
FNDA:0,defaultCandidates
FNDA:0,applySnapAxis
FNDA:0,applyResizeSnapAxis
DA:4,1
DA:5,0
DA:6,0
DA:7,0
DA:8,0
DA:9,0
DA:10,0
DA:11,0
DA:12,0
DA:13,0
DA:14,0
DA:15,0
DA:16,0
DA:17,0
DA:43,1
DA:44,0
DA:45,0
DA:46,0
DA:47,0
DA:48,0
DA:49,0
DA:50,0
DA:53,0
DA:54,0
DA:55,0
DA:56,0
DA:57,0
DA:58,0
DA:59,0
DA:60,0
DA:61,0
DA:62,0
DA:63,0
DA:64,0
DA:65,0
DA:66,0
DA:68,0
DA:69,0
DA:71,0
DA:72,0
DA:73,0
DA:74,0
DA:75,0
DA:76,0
DA:77,0
DA:78,0
DA:79,0
DA:80,0
DA:81,0
DA:82,0
DA:83,0
DA:84,0
DA:85,0
DA:86,0
DA:87,0
DA:88,0
DA:89,0
DA:90,0
DA:91,0
DA:115,1
DA:116,0
DA:117,0
DA:118,0
DA:119,0
DA:120,0
DA:121,0
DA:122,0
DA:123,0
DA:131,0
DA:132,0
DA:133,0
DA:134,0
DA:135,0
DA:136,0
DA:137,0
DA:138,0
DA:139,0
DA:140,0
DA:141,0
DA:142,0
DA:143,0
DA:144,0
DA:145,0
DA:146,0
DA:147,0
DA:149,0
DA:150,0
DA:151,0
DA:152,0
DA:153,0
DA:154,0
DA:155,0
DA:156,0
DA:157,0
DA:158,0
DA:159,0
DA:160,0
DA:161,0
DA:162,0
DA:163,0
DA:164,0
DA:165,0
DA:166,0
DA:167,0
DA:168,0
DA:169,0
DA:170,0
DA:171,0
DA:172,0
DA:173,0
DA:174,0
DA:175,0
DA:176,0
DA:177,0
DA:178,0
DA:179,0
DA:180,0
DA:181,0
DA:182,0
DA:183,0
DA:184,0
DA:185,0
DA:186,0
DA:187,0
DA:188,0
DA:189,0
DA:190,0
LF:127
LH:3
BRF:0
BRH:0
end_of_record
TN:
SF:src\core\scene\commands\snap\baseSession.ts
FN:7,<instance_members_initializer>
FNF:1
FNH:0
FNDA:0,<instance_members_initializer>
DA:3,1
DA:7,1
DA:8,0
DA:9,0
DA:11,0
DA:12,0
DA:13,0
DA:14,0
DA:18,0
DA:19,0
DA:20,0
DA:21,0
DA:22,0
LF:13
LH:2
BRDA:7,0,0,0
BRF:1
BRH:0
end_of_record
TN:
SF:src\core\scene\commands\snap\context.ts
FN:6,getStageBounds
FN:17,computeSnapThreshold
FN:23,buildEmptySnapContext
FN:32,buildSnapContextForLayer
FN:53,collectSnapTargets
FN:82,buildSnapLines
FNF:6
FNH:0
FNDA:0,getStageBounds
FNDA:0,computeSnapThreshold
FNDA:0,buildEmptySnapContext
FNDA:0,buildSnapContextForLayer
FNDA:0,collectSnapTargets
FNDA:0,buildSnapLines
DA:1,1
DA:6,1
DA:7,0
DA:8,0
DA:9,0
DA:10,0
DA:11,0
DA:12,0
DA:13,0
DA:14,0
DA:15,0
DA:17,1
DA:18,0
DA:19,0
DA:20,0
DA:21,0
DA:23,1
DA:24,0
DA:25,0
DA:26,0
DA:27,0
DA:28,0
DA:29,0
DA:30,0
DA:32,1
DA:40,0
DA:41,0
DA:42,0
DA:43,0
DA:44,0
DA:45,0
DA:46,0
DA:47,0
DA:48,0
DA:49,0
DA:50,0
DA:51,0
DA:53,1
DA:54,0
DA:55,0
DA:57,0
DA:58,0
DA:59,0
DA:60,0
DA:61,0
DA:62,0
DA:63,0
DA:65,0
DA:66,0
DA:67,0
DA:68,0
DA:69,0
DA:70,0
DA:71,0
DA:72,0
DA:74,0
DA:75,0
DA:76,0
DA:78,0
DA:79,0
DA:80,0
DA:82,1
DA:83,0
DA:84,0
DA:85,0
DA:86,0
DA:87,0
DA:88,0
DA:89,0
DA:90,0
LF:70
LH:7
BRF:0
BRH:0
end_of_record
TN:
SF:src\core\scene\commands\snap\index.ts
FNF:0
FNH:0
DA:1,1
LF:1
LH:1
BRF:0
BRH:0
end_of_record
TN:
SF:src\core\scene\commands\snap\internalTypes.ts
FN:1,(empty-report)
FNF:1
FNH:1
FNDA:1,(empty-report)
LF:0
LH:0
BRDA:1,0,0,1
BRF:1
BRH:1
end_of_record
TN:
SF:src\core\scene\commands\snap\moveSession.ts
FN:13,MoveSnapSessionImpl
FN:17,beginForNode
FN:42,compute
FN:56,computeMoveSnap
FN:109,beginMoveSnapSessionForNode
FN:120,stepMoveSnapSession
FNF:6
FNH:0
FNDA:0,MoveSnapSessionImpl
FNDA:0,beginForNode
FNDA:0,compute
FNDA:0,computeMoveSnap
FNDA:0,beginMoveSnapSessionForNode
FNDA:0,stepMoveSnapSession
DA:1,1
DA:8,1
DA:12,1
DA:13,1
DA:14,0
DA:15,0
DA:17,1
DA:24,0
DA:25,0
DA:26,0
DA:27,0
DA:28,0
DA:29,0
DA:30,0
DA:31,0
DA:32,0
DA:33,0
DA:34,0
DA:35,0
DA:36,0
DA:37,0
DA:38,0
DA:39,0
DA:40,0
DA:42,1
DA:43,0
DA:44,0
DA:45,0
DA:46,0
DA:47,0
DA:48,0
DA:49,0
DA:50,0
DA:51,0
DA:52,0
DA:53,0
DA:54,0
DA:56,1
DA:66,0
DA:67,0
DA:68,0
DA:69,0
DA:70,0
DA:71,0
DA:72,0
DA:73,0
DA:75,0
DA:76,0
DA:77,0
DA:78,0
DA:79,0
DA:80,0
DA:81,0
DA:82,0
DA:83,0
DA:84,0
DA:85,0
DA:86,0
DA:87,0
DA:88,0
DA:90,0
DA:91,0
DA:93,0
DA:94,0
DA:95,0
DA:96,0
DA:97,0
DA:99,0
DA:100,0
DA:101,0
DA:102,0
DA:103,0
DA:104,0
DA:105,0
DA:106,0
DA:107,1
DA:109,1
DA:116,0
DA:117,0
DA:118,0
DA:120,1
DA:126,0
DA:127,0
DA:128,0
DA:129,0
DA:130,0
DA:131,0
DA:132,0
DA:133,0
LF:89
LH:10
BRF:0
BRH:0
end_of_record
TN:
SF:src\core\scene\commands\snap\resizeSession.ts
FN:22,ResizeSnapSessionImpl
FN:26,beginForNode
FN:51,compute
FN:76,computeResizeSnap
FN:149,beginResizeSnapSessionForNode
FN:160,stepResizeSnapSession
FNF:6
FNH:0
FNDA:0,ResizeSnapSessionImpl
FNDA:0,beginForNode
FNDA:0,compute
FNDA:0,computeResizeSnap
FNDA:0,beginResizeSnapSessionForNode
FNDA:0,stepResizeSnapSession
DA:1,1
DA:9,1
DA:21,1
DA:22,1
DA:23,0
DA:24,0
DA:26,1
DA:33,0
DA:34,0
DA:35,0
DA:36,0
DA:37,0
DA:38,0
DA:39,0
DA:40,0
DA:41,0
DA:42,0
DA:43,0
DA:44,0
DA:45,0
DA:46,0
DA:47,0
DA:48,0
DA:49,0
DA:51,1
DA:59,0
DA:60,0
DA:61,0
DA:62,0
DA:63,0
DA:64,0
DA:65,0
DA:66,0
DA:67,0
DA:68,0
DA:69,0
DA:70,0
DA:71,0
DA:72,0
DA:73,0
DA:74,0
DA:76,1
DA:89,0
DA:90,0
DA:91,0
DA:92,0
DA:93,0
DA:94,0
DA:96,0
DA:97,0
DA:98,0
DA:99,0
DA:101,0
DA:102,0
DA:103,0
DA:104,0
DA:105,0
DA:106,0
DA:107,0
DA:108,0
DA:109,0
DA:110,0
DA:111,0
DA:112,0
DA:114,0
DA:115,0
DA:116,0
DA:117,0
DA:119,0
DA:120,0
DA:122,0
DA:123,0
DA:124,0
DA:125,0
DA:126,0
DA:127,0
DA:129,0
DA:130,0
DA:131,0
DA:132,0
DA:133,0
DA:135,0
DA:136,0
DA:137,0
DA:138,0
DA:139,0
DA:140,0
DA:141,0
DA:142,0
DA:143,0
DA:144,0
DA:145,0
DA:146,0
DA:147,1
DA:149,1
DA:156,0
DA:157,0
DA:158,0
DA:160,1
DA:169,0
DA:170,0
DA:171,0
DA:172,0
DA:173,0
DA:174,0
DA:175,0
DA:176,0
DA:177,0
DA:178,0
DA:179,0
LF:110
LH:10
BRF:0
BRH:0
end_of_record
TN:
SF:src\core\scene\factories\videoSceneState.ts
FN:3,createVideoSceneLayer
FN:18,createDefaultVideoSceneState
FNF:2
FNH:2
FNDA:4,createVideoSceneLayer
FNDA:1,createDefaultVideoSceneState
DA:3,1
DA:4,4
DA:5,4
DA:6,4
DA:7,4
DA:8,4
DA:9,4
DA:10,4
DA:11,4
DA:12,4
DA:13,4
DA:14,4
DA:15,4
DA:16,4
DA:18,1
DA:19,1
DA:20,1
DA:21,1
DA:22,1
DA:23,1
DA:24,1
DA:25,1
DA:26,1
DA:27,1
DA:28,1
DA:29,1
DA:30,1
DA:31,1
DA:32,1
DA:33,1
DA:34,1
DA:35,1
DA:36,1
LF:33
LH:33
BRDA:3,0,0,4
BRDA:18,1,0,1
BRF:2
BRH:2
end_of_record
TN:
SF:src\core\scene\nodesType\ImageNode.ts
FN:4,<static_initializer>
FN:7,defaultProps
FN:15,upgradeFrom
FNF:3
FNH:2
FNDA:5,<static_initializer>
FNDA:0,defaultProps
FNDA:1,upgradeFrom
DA:1,1
DA:4,1
DA:5,5
DA:7,5
DA:8,0
DA:9,0
DA:10,0
DA:11,0
DA:12,0
DA:13,0
DA:15,5
DA:16,1
DA:17,1
DA:18,1
DA:19,1
DA:20,1
DA:21,1
DA:22,1
DA:23,1
DA:24,1
DA:25,0
DA:26,1
DA:27,1
DA:28,1
DA:29,1
DA:30,1
DA:31,1
DA:32,1
DA:33,1
DA:34,1
DA:35,5
LF:31
LH:24
BRDA:4,0,0,5
BRDA:15,1,0,1
BRDA:16,2,0,0
BRDA:17,3,0,0
BRDA:18,4,0,0
BRDA:24,5,0,0
BRDA:31,6,0,0
BRDA:31,7,0,0
BRF:8
BRH:2
end_of_record
TN:
SF:src\core\scene\nodesType\LineNode.ts
FN:6,<static_initializer>
FN:9,defaultProps
FN:27,upgradeFrom
FNF:3
FNH:3
FNDA:5,<static_initializer>
FNDA:1,defaultProps
FNDA:1,upgradeFrom
DA:1,1
DA:6,1
DA:7,5
DA:9,5
DA:10,1
DA:11,1
DA:12,1
DA:14,1
DA:15,1
DA:16,1
DA:17,1
DA:18,1
DA:19,1
DA:20,1
DA:21,1
DA:22,1
DA:23,1
DA:24,1
DA:25,1
DA:27,5
DA:28,1
DA:29,1
DA:30,1
DA:31,1
DA:32,1
DA:33,1
DA:34,1
DA:35,1
DA:36,1
DA:37,1
DA:38,1
DA:39,1
DA:40,1
DA:41,1
DA:42,1
DA:43,1
DA:44,1
DA:45,1
DA:46,1
DA:47,1
DA:48,1
DA:49,1
DA:50,1
DA:51,1
DA:52,1
DA:53,1
DA:54,1
DA:55,5
LF:48
LH:48
BRDA:6,0,0,5
BRDA:9,1,0,1
BRDA:10,2,0,0
BRDA:11,3,0,0
BRDA:27,4,0,1
BRDA:28,5,0,0
BRDA:30,6,0,0
BRDA:31,7,0,0
BRDA:33,8,0,0
BRDA:35,9,0,0
BRF:10
BRH:3
end_of_record
TN:
SF:src\core\scene\nodesType\NodeBase.ts
FN:4,<static_initializer>
FN:7,create
FN:17,normalize
FN:18,clampScale
FNF:4
FNH:4
FNDA:5,<static_initializer>
FNDA:38,create
FNDA:38,normalize
FNDA:114,clampScale
DA:1,1
DA:4,1
DA:5,5
DA:7,5
DA:8,38
DA:9,38
DA:10,38
DA:11,38
DA:12,38
DA:13,38
DA:14,38
DA:15,38
DA:17,5
DA:18,38
DA:19,114
DA:20,114
DA:21,76
DA:22,114
DA:23,38
DA:24,38
DA:25,38
DA:26,38
DA:27,38
DA:28,38
DA:29,38
DA:30,38
DA:31,38
DA:32,38
DA:33,38
DA:34,38
DA:35,38
DA:36,38
DA:37,38
DA:38,38
DA:39,38
DA:40,38
DA:41,38
DA:42,38
DA:43,5
LF:39
LH:39
BRDA:4,0,0,5
BRDA:7,1,0,38
BRDA:17,2,0,38
BRDA:26,3,0,0
BRDA:40,4,0,0
BRDA:18,5,0,114
BRDA:20,6,0,38
BRDA:20,7,0,76
BRF:8
BRH:6
end_of_record
TN:
SF:src\core\scene\nodesType\RectNode.ts
FN:4,<static_initializer>
FN:7,defaultProps
FN:18,upgradeFrom
FNF:3
FNH:2
FNDA:5,<static_initializer>
FNDA:0,defaultProps
FNDA:29,upgradeFrom
DA:1,1
DA:4,1
DA:5,5
DA:7,5
DA:8,0
DA:9,0
DA:10,0
DA:11,0
DA:12,0
DA:13,0
DA:14,0
DA:15,0
DA:16,0
DA:18,5
DA:19,29
DA:20,29
DA:21,29
DA:22,29
DA:23,29
DA:24,29
DA:25,29
DA:26,29
DA:27,29
DA:28,29
DA:29,29
DA:30,29
DA:31,29
DA:32,29
DA:33,29
DA:34,29
DA:35,29
DA:36,29
DA:37,29
DA:38,29
DA:39,29
DA:40,29
DA:41,5
LF:37
LH:28
BRDA:4,0,0,5
BRDA:18,1,0,29
BRDA:19,2,0,0
BRDA:20,3,0,0
BRDA:21,4,0,0
BRDA:33,5,0,0
BRDA:35,6,0,0
BRDA:36,7,0,0
BRDA:37,8,0,0
BRF:9
BRH:2
end_of_record
TN:
SF:src\core\scene\nodesType\TextNode.ts
FN:4,normalizeTextNodeProps
FN:20,<static_initializer>
FN:23,defaultProps
FN:33,upgradeFrom
FNF:4
FNH:3
FNDA:8,normalizeTextNodeProps
FNDA:5,<static_initializer>
FNDA:0,defaultProps
FNDA:4,upgradeFrom
DA:1,1
DA:4,1
DA:5,8
DA:6,8
DA:7,8
DA:8,8
DA:9,8
DA:10,8
DA:11,8
DA:12,8
DA:13,8
DA:14,8
DA:15,8
DA:16,8
DA:17,8
DA:18,8
DA:20,1
DA:21,5
DA:23,5
DA:24,0
DA:25,0
DA:26,0
DA:27,0
DA:28,0
DA:29,0
DA:30,0
DA:31,0
DA:33,5
DA:34,4
DA:35,4
DA:36,4
DA:37,4
DA:38,4
DA:39,4
DA:40,4
DA:41,4
DA:42,4
DA:43,5
LF:38
LH:30
BRDA:4,0,0,8
BRDA:5,1,0,4
BRDA:5,2,0,4
BRDA:7,3,0,4
BRDA:7,4,0,4
BRDA:8,5,0,4
BRDA:8,6,0,4
BRDA:9,7,0,4
BRDA:9,8,0,4
BRDA:10,9,0,4
BRDA:10,10,0,4
BRDA:20,11,0,5
BRDA:33,12,0,4
BRDA:34,13,0,0
BRDA:39,14,0,0
BRDA:39,15,0,0
BRF:16
BRH:13
end_of_record
TN:
SF:src\core\scene\nodesType\index.ts
FNF:0
FNH:0
DA:1,1
DA:2,1
DA:3,1
DA:4,1
DA:5,1
DA:7,1
DA:8,1
DA:9,1
LF:8
LH:8
BRF:0
BRH:0
end_of_record
TN:
SF:src\core\scene\nodesType\numbers.ts
FN:1,clamp01
FN:7,clampPx
FN:13,toNumber
FNF:3
FNH:3
FNDA:114,clamp01
FNDA:76,clampPx
FNDA:115,toNumber
DA:1,1
DA:2,114
DA:3,114
DA:4,114
DA:5,114
DA:7,1
DA:8,76
DA:9,76
DA:10,76
DA:11,76
DA:13,1
DA:14,115
DA:15,115
DA:16,114
DA:17,114
LF:15
LH:15
BRDA:1,0,0,114
BRDA:3,1,0,0
BRDA:7,2,0,76
BRDA:9,3,0,0
BRDA:13,4,0,115
BRDA:15,5,0,1
BRDA:15,6,0,114
BRF:7
BRH:5
end_of_record
TN:
SF:src\core\scene\nodesType\upgradeNodeType.ts
FN:8,upgradeNodeType
FNF:1
FNH:1
FNDA:38,upgradeNodeType
DA:1,1
DA:8,1
DA:9,38
DA:10,38
DA:11,36
DA:12,35
DA:13,35
DA:14,38
DA:15,38
LF:9
LH:9
BRDA:8,0,0,38
BRDA:10,1,0,29
BRDA:10,2,0,36
BRDA:10,3,0,9
BRDA:11,4,0,4
BRDA:11,5,0,35
BRDA:11,6,0,5
BRDA:12,7,0,1
BRDA:12,8,0,4
BRDA:13,9,0,1
BRDA:13,10,0,3
BRDA:14,11,0,0
BRF:12
BRH:11
end_of_record
TN:
SF:src\core\shared\cloneJsonSafe.ts
FN:1,deepCloneFallback
FN:28,replacer
FN:35,reviver
FN:42,cloneJsonSafe
FNF:4
FNH:3
FNDA:0,deepCloneFallback
FNDA:10064,replacer
FNDA:10059,reviver
FNDA:23,cloneJsonSafe
DA:1,1
DA:3,0
DA:4,0
DA:6,0
DA:8,0
DA:9,0
DA:10,0
DA:12,0
DA:13,0
DA:14,0
DA:15,0
DA:16,0
DA:17,0
DA:19,0
DA:20,0
DA:21,0
DA:22,0
DA:23,0
DA:24,0
DA:25,0
DA:26,0
DA:28,1
DA:29,10064
DA:30,0
DA:31,0
DA:32,10064
DA:33,10064
DA:35,1
DA:36,10059
DA:37,0
DA:38,0
DA:39,10059
DA:40,10059
DA:42,1
DA:43,23
DA:44,2
DA:45,2
DA:46,21
DA:47,21
DA:48,23
DA:49,2
DA:50,2
DA:51,2
DA:52,0
DA:53,0
DA:54,0
DA:55,0
DA:56,2
DA:57,23
LF:49
LH:21
BRDA:28,0,0,10064
BRDA:29,1,0,0
BRDA:35,2,0,10059
BRDA:36,3,0,24
BRDA:36,4,0,21
BRDA:36,5,0,0
BRDA:42,6,0,23
BRDA:43,7,0,2
BRDA:45,8,0,21
BRDA:48,9,0,2
BRDA:51,10,0,0
BRF:11
BRH:8
end_of_record
TN:
SF:src\core\shared\json.ts
FN:9,isJsonObject
FNF:1
FNH:1
FNDA:62,isJsonObject
DA:9,1
DA:10,62
DA:11,62
DA:12,49
DA:13,49
DA:14,62
LF:6
LH:6
BRDA:9,0,0,62
BRDA:10,1,0,57
BRDA:10,2,0,10
BRDA:10,3,0,52
BRDA:11,4,0,3
BRDA:11,5,0,49
BRF:6
BRH:6
end_of_record
TN:
SF:src\core\shared\time.ts
FN:1,(empty-report)
FNF:1
FNH:1
FNDA:1,(empty-report)
LF:0
LH:0
BRDA:1,0,0,1
BRF:1
BRH:1
end_of_record
TN:
SF:src\core\studio\factories.ts
FN:1,(empty-report)
FNF:1
FNH:1
FNDA:1,(empty-report)
DA:3,0
DA:4,0
DA:5,0
DA:6,0
DA:7,0
DA:8,0
DA:9,0
DA:10,0
DA:11,0
DA:12,0
DA:13,0
DA:14,0
DA:15,0
DA:16,0
DA:17,0
DA:18,0
DA:19,0
DA:20,0
DA:21,0
DA:22,0
DA:23,0
DA:24,0
DA:25,0
DA:26,0
DA:27,0
LF:25
LH:0
BRDA:1,0,0,1
BRF:1
BRH:1
end_of_record
TN:
SF:src\core\studio\index.ts
FN:1,(empty-report)
FNF:1
FNH:0
FNDA:0,(empty-report)
DA:1,0
LF:1
LH:0
BRDA:1,0,0,0
BRF:1
BRH:0
end_of_record
TN:
SF:src\core\subtitle\sanitizeStageSnapshot.ts
FN:1,(empty-report)
FNF:1
FNH:1
FNDA:1,(empty-report)
DA:5,0
DA:6,0
DA:7,0
DA:8,0
DA:9,0
DA:10,0
DA:13,0
DA:14,0
DA:15,0
DA:16,0
DA:17,0
DA:18,0
DA:19,0
DA:20,0
DA:21,0
DA:22,0
DA:24,0
DA:25,0
DA:26,0
DA:27,0
DA:28,0
DA:29,0
DA:30,0
DA:31,0
DA:33,0
DA:34,0
DA:35,0
DA:36,0
DA:37,0
DA:38,0
DA:39,0
DA:40,0
DA:41,0
DA:42,0
DA:43,0
DA:44,0
DA:45,0
DA:46,0
DA:47,0
DA:48,0
LF:40
LH:0
BRDA:1,0,0,1
BRF:1
BRH:1
end_of_record
TN:
SF:src\core\subtitle\srt.ts
FN:7,toInt
FN:12,parseTimestampToMs
FN:27,normalizeText
FN:35,parseSrt
FN:82,msToFrameRangeInclusive
FNF:5
FNH:5
FNDA:168,toInt
FNDA:42,parseTimestampToMs
FNDA:18,normalizeText
FNDA:19,parseSrt
FNDA:8,msToFrameRangeInclusive
DA:7,1
DA:8,168
DA:9,168
DA:10,168
DA:12,1
DA:14,42
DA:15,42
DA:16,42
DA:17,42
DA:18,42
DA:19,42
DA:20,42
DA:21,42
DA:22,38
DA:23,42
DA:24,42
DA:25,42
DA:27,1
DA:29,18
DA:30,18
DA:31,18
DA:32,18
DA:33,18
DA:35,1
DA:36,19
DA:38,19
DA:39,19
DA:40,19
DA:41,19
DA:42,19
DA:43,19
DA:45,19
DA:47,19
DA:48,21
DA:49,21
DA:50,21
DA:51,21
DA:52,21
DA:55,21
DA:56,21
DA:57,21
DA:59,21
DA:60,21
DA:61,21
DA:62,21
DA:63,21
DA:65,21
DA:66,21
DA:67,21
DA:68,21
DA:70,18
DA:71,18
DA:72,18
DA:74,17
DA:75,17
DA:78,19
DA:79,19
DA:80,19
DA:82,1
DA:83,8
DA:84,8
DA:85,8
DA:86,8
DA:88,8
DA:89,8
DA:90,8
LF:66
LH:66
BRDA:7,0,0,168
BRDA:9,1,0,0
BRDA:12,2,0,42
BRDA:16,3,0,0
BRDA:21,4,0,4
BRDA:21,5,0,38
BRDA:22,6,0,1
BRDA:23,7,0,0
BRDA:23,8,0,168
BRDA:27,9,0,18
BRDA:30,10,0,19
BRDA:35,11,0,19
BRDA:36,12,0,1
BRDA:47,13,0,21
BRDA:52,14,0,0
BRDA:56,15,0,20
BRDA:57,16,0,0
BRDA:63,17,0,0
BRDA:67,18,0,0
BRDA:68,19,0,3
BRDA:68,20,0,18
BRDA:72,21,0,1
BRDA:72,22,0,17
BRDA:42,23,0,24
BRDA:50,24,0,63
BRDA:51,25,0,63
BRDA:78,26,0,4
BRDA:78,27,0,0
BRDA:82,28,0,8
BRDA:83,29,0,0
BRDA:84,30,0,7
BRDA:84,31,0,1
BRDA:85,32,0,7
BRDA:85,33,0,1
BRF:34
BRH:25
end_of_record
TN:
SF:src\core\subtitle\subtitleKeyframes.ts
FN:1,(empty-report)
FNF:1
FNH:1
FNDA:1,(empty-report)
DA:9,0
DA:11,0
DA:19,0
DA:20,0
DA:21,0
DA:23,0
DA:24,0
DA:25,0
DA:26,0
DA:28,0
DA:29,0
DA:31,0
DA:33,0
DA:34,0
DA:35,0
DA:36,0
DA:37,0
DA:38,0
DA:39,0
DA:42,0
DA:43,0
DA:44,0
DA:45,0
DA:46,0
DA:47,0
DA:48,0
DA:50,0
DA:51,0
DA:52,0
DA:53,0
DA:54,0
DA:55,0
DA:56,0
DA:58,0
DA:59,0
DA:60,0
DA:61,0
DA:62,0
DA:63,0
DA:64,0
DA:65,0
DA:66,0
DA:70,0
DA:71,0
DA:73,0
DA:74,0
DA:75,0
DA:77,0
DA:78,0
LF:49
LH:0
BRDA:1,0,0,1
BRF:1
BRH:1
end_of_record
TN:
SF:src\core\timeline\factories.ts
FN:3,createDefaultTimelineState
FNF:1
FNH:1
FNDA:7,createDefaultTimelineState
DA:3,1
DA:4,7
DA:5,7
DA:6,7
DA:7,7
DA:8,7
DA:9,7
DA:10,7
DA:11,7
DA:12,7
DA:13,7
DA:14,7
DA:15,7
DA:16,7
DA:18,7
DA:19,7
DA:20,7
DA:21,7
DA:22,7
DA:23,7
DA:24,7
DA:25,7
DA:27,7
DA:28,7
DA:29,7
DA:30,7
DA:32,7
DA:33,7
DA:35,7
DA:36,7
DA:38,7
DA:39,7
DA:41,7
DA:42,7
DA:43,7
LF:35
LH:35
BRDA:3,0,0,7
BRF:1
BRH:1
end_of_record
TN:
SF:src\core\timeline\index.ts
FN:1,(empty-report)
FNF:1
FNH:0
FNDA:0,(empty-report)
DA:1,0
LF:1
LH:0
BRDA:1,0,0,0
BRF:1
BRH:0
end_of_record
TN:
SF:src\engine\webgl\index.ts
FN:1,(empty-report)
FNF:1
FNH:0
FNDA:0,(empty-report)
DA:1,0
DA:2,0
DA:3,0
DA:4,0
DA:5,0
DA:6,0
DA:7,0
DA:8,0
DA:9,0
LF:9
LH:0
BRDA:1,0,0,0
BRF:1
BRH:0
end_of_record
TN:
SF:src\engine\webgl\camera\camera2d.ts
FN:3,clamp
FN:7,screenToWorld
FN:12,worldToScreen
FN:17,applyPanBy
FN:22,applyZoomAt
FN:35,applyFitToStage
FNF:6
FNH:6
FNDA:9,clamp
FNDA:8,screenToWorld
FNDA:6,worldToScreen
FNDA:3,applyPanBy
FNDA:4,applyZoomAt
FNDA:5,applyFitToStage
DA:3,1
DA:7,1
DA:8,8
DA:9,8
DA:10,8
DA:12,1
DA:13,6
DA:14,6
DA:15,6
DA:17,1
DA:18,3
DA:19,3
DA:20,3
DA:22,1
DA:23,4
DA:24,4
DA:25,4
DA:27,3
DA:28,3
DA:29,3
DA:30,3
DA:31,3
DA:32,3
DA:33,3
DA:35,1
DA:36,5
DA:37,5
DA:38,5
DA:39,5
DA:40,5
DA:41,5
DA:42,5
DA:43,5
DA:44,5
DA:45,5
DA:46,5
DA:47,5
DA:48,5
DA:49,5
DA:50,5
DA:51,5
DA:52,5
DA:53,5
DA:54,5
DA:55,5
DA:56,5
DA:57,5
LF:47
LH:47
BRDA:3,0,0,9
BRDA:7,1,0,8
BRDA:12,2,0,6
BRDA:17,3,0,3
BRDA:22,4,0,4
BRDA:25,5,0,1
BRDA:25,6,0,3
BRDA:35,7,0,5
BRDA:43,8,0,4
BRDA:44,9,0,4
BRDA:45,10,0,4
BRDA:46,11,0,4
BRF:12
BRH:12
end_of_record
TN:
SF:src\engine\webgl\camera\index.ts
FN:1,(empty-report)
FNF:1
FNH:0
FNDA:0,(empty-report)
DA:1,0
DA:2,0
LF:2
LH:0
BRDA:1,0,0,0
BRF:1
BRH:0
end_of_record
TN:
SF:src\engine\webgl\camera\types.ts
FN:1,(empty-report)
FNF:1
FNH:1
FNDA:1,(empty-report)
LF:0
LH:0
BRDA:1,0,0,1
BRF:1
BRH:1
end_of_record
TN:
SF:src\engine\webgl\canvas\DwebCanvasGL.ts
FN:1,(empty-report)
FNF:1
FNH:0
FNDA:0,(empty-report)
DA:1,0
DA:25,0
DA:26,0
DA:27,0
DA:28,0
DA:29,0
DA:30,0
DA:31,0
DA:32,0
DA:33,0
DA:35,0
DA:36,0
DA:37,0
DA:38,0
DA:39,0
DA:40,0
DA:104,0
DA:105,0
DA:106,0
DA:107,0
DA:109,0
DA:110,0
DA:112,0
DA:113,0
DA:114,0
DA:116,0
DA:118,0
DA:119,0
DA:120,0
DA:121,0
DA:122,0
DA:123,0
DA:124,0
DA:125,0
DA:126,0
DA:129,0
DA:130,0
DA:131,0
DA:132,0
DA:133,0
DA:135,0
DA:136,0
DA:137,0
DA:138,0
DA:139,0
DA:141,0
DA:142,0
DA:143,0
DA:144,0
DA:145,0
DA:146,0
DA:147,0
DA:148,0
DA:149,0
DA:150,0
DA:152,0
DA:153,0
DA:154,0
DA:155,0
DA:157,0
DA:158,0
DA:159,0
DA:160,0
DA:161,0
DA:162,0
DA:163,0
DA:165,0
DA:166,0
DA:167,0
DA:168,0
DA:169,0
DA:170,0
DA:171,0
DA:172,0
DA:173,0
DA:174,0
DA:175,0
DA:176,0
DA:177,0
DA:178,0
DA:179,0
DA:180,0
DA:181,0
DA:182,0
DA:184,0
DA:185,0
DA:187,0
DA:188,0
DA:189,0
DA:191,0
DA:192,0
DA:193,0
DA:194,0
DA:195,0
DA:196,0
DA:197,0
DA:198,0
DA:199,0
DA:200,0
DA:201,0
DA:203,0
DA:204,0
DA:205,0
DA:206,0
DA:208,0
DA:209,0
DA:211,0
DA:212,0
DA:214,0
DA:215,0
DA:216,0
DA:217,0
DA:218,0
DA:219,0
DA:220,0
DA:222,0
DA:223,0
DA:224,0
DA:231,0
DA:232,0
DA:235,0
DA:238,0
DA:239,0
DA:240,0
DA:241,0
DA:247,0
DA:248,0
DA:249,0
DA:251,0
DA:252,0
DA:253,0
DA:255,0
DA:256,0
DA:257,0
DA:259,0
DA:260,0
DA:261,0
DA:263,0
DA:264,0
DA:265,0
DA:266,0
DA:267,0
DA:269,0
DA:270,0
DA:271,0
DA:272,0
DA:273,0
DA:274,0
DA:276,0
DA:277,0
DA:278,0
DA:279,0
DA:280,0
DA:282,0
DA:283,0
DA:284,0
DA:285,0
DA:286,0
DA:287,0
DA:288,0
DA:289,0
DA:290,0
DA:291,0
DA:292,0
DA:293,0
DA:294,0
DA:295,0
DA:296,0
DA:297,0
DA:298,0
DA:299,0
DA:300,0
DA:307,0
DA:308,0
DA:309,0
DA:310,0
DA:312,0
DA:313,0
DA:314,0
DA:315,0
DA:316,0
DA:317,0
DA:318,0
DA:321,0
DA:322,0
DA:323,0
DA:324,0
DA:325,0
DA:326,0
DA:329,0
DA:330,0
DA:331,0
DA:332,0
DA:333,0
DA:334,0
DA:335,0
DA:336,0
DA:337,0
DA:338,0
DA:339,0
DA:340,0
DA:341,0
DA:342,0
DA:343,0
DA:344,0
DA:347,0
DA:349,0
DA:350,0
DA:351,0
DA:352,0
DA:353,0
DA:354,0
DA:355,0
DA:358,0
DA:359,0
DA:360,0
DA:361,0
DA:362,0
DA:363,0
DA:364,0
DA:365,0
DA:367,0
DA:368,0
DA:369,0
DA:370,0
DA:371,0
DA:372,0
DA:374,0
DA:375,0
DA:376,0
DA:377,0
DA:378,0
DA:379,0
DA:380,0
DA:381,0
DA:382,0
DA:383,0
DA:384,0
DA:385,0
DA:386,0
DA:387,0
DA:388,0
DA:389,0
DA:390,0
DA:391,0
DA:392,0
DA:394,0
DA:395,0
DA:396,0
DA:397,0
DA:398,0
DA:399,0
DA:405,0
DA:406,0
DA:407,0
DA:408,0
DA:409,0
DA:410,0
DA:411,0
DA:412,0
DA:413,0
DA:414,0
DA:416,0
DA:417,0
DA:418,0
DA:419,0
DA:420,0
DA:421,0
DA:423,0
DA:424,0
DA:425,0
DA:426,0
DA:427,0
DA:428,0
DA:429,0
DA:430,0
DA:431,0
DA:432,0
DA:433,0
DA:434,0
DA:435,0
DA:436,0
DA:437,0
DA:438,0
DA:441,0
DA:443,0
DA:444,0
DA:445,0
DA:446,0
DA:447,0
DA:448,0
DA:449,0
DA:451,0
DA:452,0
DA:453,0
DA:454,0
DA:455,0
DA:456,0
DA:457,0
DA:458,0
DA:460,0
DA:461,0
DA:462,0
DA:463,0
DA:464,0
DA:465,0
DA:466,0
DA:467,0
DA:468,0
DA:469,0
DA:470,0
DA:471,0
DA:472,0
DA:473,0
DA:474,0
DA:475,0
DA:476,0
DA:477,0
DA:478,0
DA:479,0
DA:480,0
DA:481,0
DA:482,0
DA:483,0
DA:485,0
DA:486,0
DA:487,0
DA:489,0
DA:490,0
DA:491,0
DA:492,0
DA:493,0
DA:494,0
DA:495,0
DA:496,0
DA:497,0
DA:498,0
DA:499,0
DA:500,0
DA:501,0
DA:502,0
DA:503,0
DA:504,0
DA:505,0
DA:506,0
DA:507,0
DA:508,0
DA:510,0
DA:511,0
DA:512,0
DA:513,0
DA:514,0
DA:515,0
DA:516,0
DA:517,0
DA:518,0
DA:519,0
DA:520,0
DA:521,0
DA:522,0
DA:523,0
DA:524,0
DA:525,0
DA:526,0
DA:527,0
DA:533,0
DA:534,0
DA:535,0
DA:536,0
DA:537,0
DA:538,0
DA:540,0
DA:541,0
DA:542,0
DA:543,0
DA:544,0
DA:545,0
DA:547,0
DA:548,0
DA:549,0
DA:550,0
DA:551,0
DA:552,0
DA:553,0
DA:554,0
DA:555,0
DA:556,0
DA:557,0
DA:558,0
DA:559,0
DA:560,0
DA:561,0
DA:562,0
DA:565,0
DA:567,0
DA:568,0
DA:569,0
DA:570,0
DA:571,0
DA:572,0
DA:573,0
DA:576,0
DA:577,0
DA:578,0
DA:579,0
DA:580,0
DA:581,0
DA:582,0
DA:583,0
DA:584,0
DA:586,0
DA:587,0
DA:588,0
DA:589,0
DA:590,0
DA:591,0
DA:593,0
DA:594,0
DA:604,0
DA:605,0
DA:606,0
DA:608,0
DA:609,0
DA:610,0
DA:611,0
DA:612,0
DA:613,0
DA:615,0
DA:616,0
DA:617,0
DA:618,0
DA:619,0
DA:620,0
DA:622,0
DA:623,0
DA:624,0
DA:625,0
DA:626,0
DA:627,0
DA:628,0
DA:629,0
DA:630,0
DA:631,0
DA:632,0
DA:633,0
DA:635,0
DA:636,0
DA:637,0
DA:638,0
DA:639,0
DA:640,0
DA:641,0
DA:642,0
DA:643,0
DA:644,0
DA:645,0
DA:648,0
DA:649,0
DA:650,0
DA:651,0
DA:652,0
DA:653,0
DA:655,0
DA:656,0
DA:657,0
DA:658,0
DA:659,0
DA:661,0
DA:662,0
DA:664,0
DA:665,0
DA:666,0
DA:668,0
DA:669,0
DA:670,0
DA:672,0
DA:673,0
DA:674,0
DA:676,0
DA:677,0
DA:678,0
DA:680,0
DA:681,0
DA:682,0
DA:683,0
DA:684,0
DA:685,0
DA:686,0
DA:687,0
DA:688,0
DA:689,0
DA:690,0
DA:692,0
DA:693,0
DA:694,0
DA:695,0
DA:696,0
DA:697,0
DA:698,0
DA:699,0
DA:700,0
DA:701,0
DA:702,0
DA:703,0
DA:704,0
DA:705,0
DA:706,0
DA:707,0
DA:708,0
DA:709,0
DA:710,0
DA:711,0
DA:717,0
DA:718,0
DA:719,0
DA:720,0
DA:721,0
DA:722,0
DA:723,0
DA:724,0
DA:725,0
DA:726,0
DA:727,0
DA:728,0
DA:729,0
DA:730,0
DA:731,0
DA:732,0
DA:733,0
DA:734,0
DA:735,0
DA:736,0
DA:737,0
DA:738,0
DA:750,0
DA:751,0
DA:752,0
DA:753,0
DA:754,0
DA:755,0
DA:756,0
DA:757,0
DA:758,0
DA:759,0
DA:760,0
DA:761,0
DA:762,0
DA:763,0
DA:764,0
DA:765,0
DA:766,0
DA:767,0
DA:768,0
DA:769,0
DA:770,0
DA:771,0
DA:772,0
DA:773,0
DA:775,0
DA:776,0
DA:777,0
DA:778,0
DA:779,0
DA:780,0
DA:781,0
DA:782,0
DA:783,0
DA:784,0
DA:785,0
DA:786,0
DA:790,0
DA:791,0
DA:792,0
DA:794,0
DA:795,0
DA:796,0
DA:797,0
DA:798,0
DA:799,0
DA:800,0
DA:801,0
DA:802,0
DA:803,0
DA:804,0
DA:805,0
DA:806,0
DA:807,0
DA:808,0
DA:809,0
DA:810,0
DA:811,0
DA:812,0
DA:813,0
DA:815,0
DA:816,0
DA:817,0
DA:818,0
DA:819,0
DA:820,0
DA:821,0
DA:822,0
DA:823,0
DA:824,0
DA:825,0
DA:826,0
DA:827,0
DA:828,0
DA:829,0
DA:830,0
DA:831,0
DA:832,0
DA:833,0
DA:834,0
DA:835,0
DA:837,0
DA:838,0
DA:839,0
DA:840,0
DA:841,0
DA:842,0
DA:843,0
DA:844,0
DA:845,0
DA:846,0
DA:847,0
DA:848,0
DA:849,0
DA:850,0
DA:851,0
DA:852,0
DA:853,0
DA:854,0
DA:855,0
DA:856,0
DA:857,0
DA:858,0
DA:859,0
DA:860,0
DA:865,0
DA:866,0
DA:867,0
DA:868,0
DA:869,0
DA:870,0
DA:871,0
DA:872,0
DA:873,0
DA:874,0
DA:875,0
DA:876,0
DA:877,0
DA:878,0
DA:879,0
DA:880,0
DA:881,0
DA:882,0
DA:883,0
DA:884,0
DA:885,0
DA:886,0
DA:887,0
DA:888,0
DA:889,0
DA:890,0
DA:892,0
DA:893,0
DA:894,0
DA:895,0
DA:896,0
DA:897,0
DA:898,0
DA:900,0
DA:901,0
DA:902,0
DA:904,0
DA:905,0
DA:906,0
DA:908,0
DA:909,0
DA:910,0
DA:911,0
DA:912,0
DA:913,0
DA:914,0
DA:915,0
DA:916,0
DA:917,0
DA:918,0
DA:919,0
DA:920,0
DA:921,0
DA:922,0
DA:923,0
DA:924,0
DA:926,0
DA:927,0
DA:928,0
DA:930,0
DA:931,0
DA:932,0
DA:934,0
DA:935,0
DA:936,0
DA:937,0
DA:938,0
DA:939,0
DA:940,0
DA:941,0
DA:943,0
DA:945,0
DA:946,0
DA:947,0
DA:948,0
DA:949,0
DA:950,0
DA:951,0
DA:952,0
DA:953,0
DA:954,0
DA:955,0
DA:956,0
DA:957,0
DA:959,0
DA:960,0
DA:961,0
DA:962,0
DA:963,0
DA:964,0
DA:965,0
DA:966,0
DA:967,0
DA:968,0
DA:969,0
DA:970,0
DA:971,0
DA:972,0
DA:973,0
DA:974,0
DA:975,0
DA:976,0
DA:977,0
DA:978,0
DA:979,0
DA:980,0
DA:981,0
DA:982,0
DA:983,0
DA:984,0
DA:985,0
DA:986,0
DA:987,0
DA:988,0
DA:989,0
DA:990,0
DA:991,0
DA:993,0
DA:994,0
DA:995,0
DA:996,0
DA:997,0
DA:999,0
DA:1000,0
DA:1001,0
DA:1002,0
DA:1003,0
DA:1004,0
DA:1005,0
DA:1007,0
DA:1008,0
DA:1009,0
DA:1011,0
DA:1012,0
DA:1013,0
DA:1015,0
DA:1016,0
DA:1017,0
DA:1019,0
DA:1020,0
DA:1021,0
DA:1022,0
DA:1023,0
DA:1024,0
DA:1025,0
DA:1026,0
DA:1027,0
DA:1028,0
DA:1029,0
DA:1030,0
DA:1031,0
DA:1032,0
DA:1034,0
DA:1035,0
DA:1036,0
DA:1037,0
DA:1038,0
DA:1039,0
DA:1040,0
DA:1041,0
DA:1042,0
DA:1043,0
DA:1045,0
DA:1046,0
DA:1058,0
DA:1060,0
DA:1061,0
DA:1066,0
DA:1068,0
DA:1069,0
DA:1076,0
DA:1078,0
DA:1079,0
DA:1080,0
DA:1081,0
DA:1082,0
DA:1083,0
DA:1084,0
DA:1085,0
DA:1086,0
DA:1087,0
DA:1088,0
DA:1089,0
DA:1090,0
DA:1091,0
DA:1092,0
DA:1093,0
DA:1094,0
DA:1095,0
DA:1096,0
DA:1097,0
DA:1098,0
DA:1099,0
DA:1100,0
DA:1101,0
DA:1102,0
DA:1103,0
DA:1104,0
DA:1105,0
DA:1106,0
DA:1107,0
DA:1108,0
DA:1109,0
DA:1110,0
DA:1112,0
DA:1113,0
DA:1114,0
DA:1115,0
DA:1116,0
DA:1117,0
DA:1118,0
DA:1119,0
DA:1121,0
DA:1122,0
DA:1123,0
DA:1124,0
DA:1125,0
DA:1126,0
DA:1127,0
DA:1128,0
DA:1129,0
DA:1130,0
DA:1131,0
DA:1132,0
DA:1133,0
DA:1134,0
DA:1135,0
DA:1136,0
DA:1137,0
DA:1138,0
DA:1139,0
DA:1140,0
DA:1141,0
DA:1142,0
DA:1143,0
DA:1144,0
DA:1145,0
DA:1146,0
DA:1147,0
DA:1148,0
DA:1149,0
DA:1150,0
DA:1151,0
DA:1152,0
DA:1153,0
DA:1154,0
DA:1155,0
DA:1156,0
DA:1157,0
DA:1158,0
DA:1159,0
DA:1160,0
DA:1161,0
DA:1162,0
DA:1163,0
DA:1164,0
DA:1165,0
DA:1166,0
DA:1167,0
DA:1168,0
DA:1169,0
DA:1170,0
DA:1171,0
DA:1172,0
DA:1173,0
DA:1174,0
DA:1175,0
DA:1176,0
DA:1178,0
DA:1179,0
DA:1180,0
DA:1181,0
DA:1182,0
DA:1183,0
DA:1184,0
DA:1185,0
DA:1186,0
DA:1187,0
DA:1188,0
DA:1189,0
DA:1190,0
DA:1191,0
DA:1193,0
DA:1194,0
DA:1195,0
DA:1196,0
DA:1197,0
DA:1198,0
DA:1199,0
DA:1200,0
DA:1201,0
DA:1202,0
DA:1203,0
DA:1204,0
DA:1206,0
DA:1207,0
DA:1208,0
DA:1209,0
DA:1210,0
DA:1211,0
DA:1212,0
DA:1213,0
DA:1214,0
DA:1215,0
DA:1216,0
DA:1217,0
DA:1218,0
DA:1219,0
DA:1221,0
DA:1222,0
DA:1223,0
DA:1224,0
DA:1225,0
DA:1226,0
DA:1227,0
DA:1228,0
DA:1229,0
DA:1230,0
DA:1231,0
DA:1232,0
DA:1233,0
DA:1234,0
DA:1236,0
DA:1237,0
DA:1238,0
DA:1239,0
DA:1240,0
DA:1241,0
LF:966
LH:0
BRDA:1,0,0,0
BRF:1
BRH:0
end_of_record
TN:
SF:src\engine\webgl\canvas\index.ts
FN:1,(empty-report)
FNF:1
FNH:0
FNDA:0,(empty-report)
DA:1,0
LF:1
LH:0
BRDA:1,0,0,0
BRF:1
BRH:0
end_of_record
TN:
SF:src\engine\webgl\canvas\postprocess\pipeline.ts
FN:1,(empty-report)
FNF:1
FNH:0
FNDA:0,(empty-report)
DA:1,0
DA:10,0
DA:11,0
DA:12,0
DA:13,0
DA:14,0
DA:15,0
DA:16,0
DA:17,0
DA:19,0
DA:20,0
DA:21,0
DA:22,0
DA:23,0
DA:24,0
DA:26,0
DA:27,0
DA:28,0
DA:29,0
DA:30,0
DA:31,0
DA:32,0
DA:34,0
DA:35,0
DA:36,0
DA:38,0
DA:40,0
DA:41,0
DA:42,0
DA:44,0
DA:45,0
DA:46,0
DA:47,0
DA:48,0
DA:49,0
DA:50,0
DA:51,0
DA:52,0
DA:53,0
DA:54,0
DA:55,0
DA:56,0
DA:57,0
DA:58,0
DA:59,0
DA:60,0
DA:61,0
DA:62,0
DA:63,0
DA:64,0
DA:65,0
DA:66,0
DA:67,0
DA:68,0
DA:69,0
DA:70,0
DA:71,0
DA:72,0
DA:73,0
DA:74,0
DA:75,0
DA:76,0
DA:77,0
DA:78,0
DA:79,0
DA:80,0
DA:81,0
DA:82,0
DA:83,0
DA:84,0
DA:85,0
DA:87,0
DA:88,0
DA:90,0
DA:91,0
DA:92,0
DA:93,0
DA:94,0
DA:95,0
DA:96,0
DA:97,0
DA:98,0
DA:99,0
DA:100,0
DA:101,0
DA:105,0
DA:106,0
DA:107,0
DA:112,0
DA:113,0
DA:116,0
DA:118,0
DA:119,0
DA:122,0
DA:123,0
DA:124,0
DA:125,0
DA:126,0
DA:128,0
DA:129,0
DA:130,0
DA:131,0
DA:132,0
DA:133,0
DA:134,0
DA:135,0
DA:136,0
DA:137,0
DA:138,0
DA:139,0
DA:140,0
DA:141,0
DA:142,0
DA:143,0
DA:144,0
DA:145,0
DA:146,0
DA:147,0
DA:148,0
DA:149,0
DA:150,0
DA:151,0
DA:152,0
DA:153,0
DA:154,0
DA:155,0
DA:156,0
DA:157,0
DA:158,0
DA:159,0
DA:160,0
DA:162,0
DA:163,0
DA:164,0
DA:165,0
DA:166,0
DA:167,0
DA:168,0
DA:169,0
DA:170,0
DA:171,0
DA:172,0
DA:173,0
DA:174,0
DA:175,0
DA:176,0
DA:177,0
DA:178,0
DA:179,0
DA:180,0
DA:181,0
DA:182,0
DA:183,0
DA:184,0
DA:185,0
DA:186,0
DA:187,0
DA:188,0
DA:189,0
DA:191,0
DA:192,0
DA:193,0
DA:194,0
DA:195,0
DA:196,0
DA:197,0
DA:198,0
DA:199,0
DA:200,0
DA:201,0
DA:202,0
DA:203,0
DA:204,0
DA:206,0
DA:207,0
DA:208,0
DA:209,0
DA:210,0
DA:211,0
DA:212,0
DA:213,0
DA:214,0
DA:215,0
DA:216,0
DA:217,0
DA:218,0
DA:219,0
DA:220,0
DA:221,0
DA:222,0
DA:223,0
DA:224,0
DA:225,0
DA:226,0
DA:227,0
DA:228,0
DA:229,0
DA:230,0
DA:231,0
DA:232,0
DA:233,0
DA:234,0
DA:235,0
DA:236,0
DA:237,0
DA:238,0
DA:239,0
DA:240,0
DA:241,0
DA:242,0
DA:243,0
DA:244,0
DA:245,0
DA:246,0
DA:249,0
DA:250,0
DA:251,0
DA:257,0
DA:258,0
DA:259,0
DA:260,0
DA:261,0
DA:262,0
DA:263,0
DA:264,0
DA:265,0
DA:266,0
DA:268,0
DA:269,0
DA:270,0
DA:272,0
DA:273,0
DA:274,0
DA:275,0
DA:276,0
DA:277,0
DA:278,0
DA:279,0
DA:280,0
DA:281,0
DA:282,0
DA:283,0
DA:288,0
DA:289,0
DA:290,0
DA:292,0
DA:293,0
DA:294,0
DA:295,0
DA:296,0
DA:297,0
DA:298,0
DA:299,0
DA:303,0
DA:304,0
DA:305,0
DA:306,0
DA:307,0
DA:308,0
DA:309,0
DA:311,0
DA:312,0
DA:314,0
DA:315,0
DA:316,0
DA:317,0
DA:318,0
DA:319,0
DA:320,0
DA:321,0
DA:322,0
DA:323,0
DA:324,0
DA:325,0
DA:326,0
DA:327,0
DA:328,0
DA:329,0
DA:330,0
DA:331,0
DA:332,0
DA:333,0
DA:334,0
DA:335,0
DA:336,0
DA:337,0
DA:338,0
DA:340,0
DA:341,0
DA:342,0
DA:343,0
DA:344,0
DA:345,0
DA:346,0
DA:347,0
DA:349,0
DA:350,0
DA:351,0
DA:352,0
DA:353,0
DA:354,0
DA:355,0
DA:356,0
DA:357,0
DA:358,0
DA:359,0
DA:360,0
DA:361,0
DA:362,0
DA:363,0
DA:364,0
DA:365,0
DA:366,0
DA:367,0
DA:368,0
DA:369,0
DA:370,0
DA:371,0
DA:372,0
DA:373,0
DA:374,0
DA:375,0
DA:376,0
DA:377,0
DA:378,0
DA:379,0
DA:380,0
DA:381,0
DA:382,0
DA:383,0
DA:384,0
DA:385,0
DA:386,0
DA:387,0
DA:388,0
DA:389,0
DA:391,0
DA:392,0
DA:393,0
DA:394,0
DA:395,0
DA:396,0
DA:397,0
DA:398,0
DA:399,0
DA:400,0
DA:401,0
DA:402,0
DA:403,0
DA:404,0
DA:405,0
DA:406,0
DA:407,0
DA:408,0
DA:409,0
DA:411,0
DA:412,0
DA:413,0
DA:414,0
DA:415,0
DA:416,0
DA:417,0
DA:418,0
DA:419,0
DA:420,0
DA:421,0
DA:422,0
DA:423,0
DA:424,0
DA:425,0
DA:426,0
DA:427,0
LF:372
LH:0
BRDA:1,0,0,0
BRF:1
BRH:0
end_of_record
TN:
SF:src\engine\webgl\canvas\postprocess\program.ts
FN:1,(empty-report)
FNF:1
FNH:1
FNDA:1,(empty-report)
DA:3,0
DA:4,0
DA:5,0
DA:6,0
DA:7,0
DA:8,0
DA:9,0
DA:10,0
DA:11,0
DA:12,0
DA:13,0
DA:14,0
DA:15,0
DA:16,0
DA:17,0
DA:18,0
DA:19,0
DA:20,0
DA:21,0
DA:22,0
DA:23,0
DA:24,0
DA:25,0
DA:26,0
DA:27,0
DA:28,0
DA:29,0
DA:30,0
DA:31,0
DA:32,0
DA:33,0
DA:34,0
DA:35,0
DA:36,0
DA:37,0
DA:38,0
DA:39,0
DA:40,0
DA:41,0
DA:42,0
LF:40
LH:0
BRDA:1,0,0,1
BRF:1
BRH:1
end_of_record
TN:
SF:src\engine\webgl\canvas\postprocess\targets.ts
FN:1,(empty-report)
FNF:1
FNH:1
FNDA:1,(empty-report)
DA:31,0
DA:32,0
DA:33,0
DA:34,0
DA:35,0
DA:36,0
DA:37,0
DA:38,0
DA:40,0
DA:41,0
DA:42,0
DA:43,0
DA:44,0
DA:46,0
DA:47,0
DA:48,0
DA:50,0
DA:51,0
DA:52,0
DA:53,0
DA:55,0
DA:60,0
DA:61,0
DA:62,0
DA:66,0
DA:67,0
DA:69,0
DA:70,0
DA:71,0
DA:72,0
DA:73,0
DA:74,0
DA:75,0
DA:76,0
DA:85,0
DA:87,0
DA:88,0
DA:90,0
DA:91,0
DA:93,0
DA:94,0
DA:95,0
DA:96,0
DA:97,0
DA:98,0
DA:99,0
DA:100,0
DA:105,0
DA:106,0
DA:108,0
DA:110,0
DA:111,0
DA:113,0
DA:114,0
DA:115,0
DA:116,0
DA:118,0
DA:119,0
DA:120,0
DA:121,0
DA:122,0
DA:123,0
DA:124,0
DA:125,0
DA:126,0
DA:127,0
DA:128,0
DA:129,0
DA:130,0
DA:131,0
DA:132,0
DA:133,0
DA:134,0
DA:135,0
DA:137,0
DA:138,0
DA:139,0
DA:140,0
DA:141,0
DA:143,0
DA:144,0
DA:145,0
DA:146,0
DA:147,0
DA:148,0
DA:149,0
DA:150,0
DA:153,0
DA:154,0
DA:156,0
DA:157,0
DA:158,0
DA:159,0
DA:160,0
DA:161,0
DA:162,0
DA:163,0
DA:164,0
DA:165,0
DA:166,0
DA:167,0
DA:171,0
DA:172,0
DA:173,0
DA:174,0
DA:175,0
DA:176,0
DA:177,0
DA:178,0
DA:179,0
DA:180,0
DA:181,0
DA:183,0
DA:184,0
DA:185,0
DA:186,0
DA:187,0
DA:188,0
DA:189,0
DA:190,0
DA:191,0
DA:192,0
DA:193,0
DA:194,0
DA:195,0
DA:196,0
DA:197,0
DA:200,0
DA:204,0
DA:205,0
DA:206,0
DA:207,0
DA:208,0
DA:209,0
DA:210,0
DA:211,0
DA:212,0
DA:213,0
DA:214,0
DA:215,0
DA:216,0
DA:217,0
DA:220,0
DA:221,0
DA:222,0
DA:223,0
DA:224,0
DA:225,0
DA:226,0
DA:227,0
DA:228,0
DA:229,0
DA:230,0
DA:231,0
DA:232,0
DA:233,0
DA:234,0
DA:235,0
DA:236,0
DA:237,0
DA:238,0
DA:239,0
DA:240,0
DA:241,0
DA:242,0
DA:243,0
DA:244,0
DA:245,0
DA:246,0
DA:247,0
DA:248,0
DA:249,0
DA:250,0
DA:251,0
DA:252,0
DA:253,0
DA:254,0
DA:255,0
DA:256,0
DA:257,0
DA:258,0
DA:260,0
DA:261,0
DA:262,0
DA:263,0
DA:264,0
DA:265,0
DA:266,0
DA:267,0
DA:268,0
DA:269,0
DA:270,0
DA:272,0
DA:273,0
DA:274,0
DA:275,0
DA:276,0
DA:277,0
DA:278,0
DA:279,0
DA:280,0
DA:281,0
DA:282,0
DA:283,0
DA:284,0
DA:285,0
DA:288,0
DA:289,0
DA:290,0
DA:291,0
DA:292,0
DA:293,0
DA:294,0
DA:295,0
DA:296,0
DA:297,0
DA:298,0
DA:299,0
DA:300,0
DA:301,0
DA:302,0
DA:303,0
DA:304,0
DA:305,0
DA:306,0
DA:307,0
DA:308,0
DA:309,0
DA:310,0
DA:311,0
DA:312,0
DA:313,0
DA:314,0
DA:315,0
DA:316,0
DA:317,0
DA:318,0
DA:319,0
DA:320,0
DA:321,0
DA:322,0
DA:323,0
DA:324,0
DA:325,0
DA:326,0
DA:327,0
DA:328,0
DA:329,0
DA:330,0
DA:331,0
DA:332,0
DA:333,0
DA:334,0
DA:335,0
DA:336,0
DA:337,0
DA:338,0
DA:339,0
DA:340,0
DA:341,0
DA:343,0
DA:344,0
DA:345,0
DA:346,0
DA:347,0
DA:348,0
DA:349,0
DA:350,0
DA:351,0
DA:352,0
DA:353,0
DA:354,0
DA:355,0
DA:356,0
DA:357,0
DA:358,0
DA:359,0
DA:361,0
DA:362,0
DA:363,0
DA:364,0
DA:365,0
DA:366,0
DA:367,0
DA:368,0
DA:369,0
DA:370,0
DA:371,0
DA:372,0
DA:373,0
DA:374,0
DA:375,0
DA:376,0
DA:377,0
DA:378,0
DA:379,0
DA:380,0
DA:381,0
DA:382,0
DA:383,0
DA:384,0
DA:385,0
DA:386,0
DA:387,0
DA:388,0
DA:389,0
DA:390,0
DA:391,0
DA:392,0
DA:394,0
DA:397,0
DA:398,0
DA:399,0
DA:400,0
DA:401,0
DA:402,0
DA:403,0
DA:404,0
DA:405,0
DA:406,0
DA:407,0
DA:408,0
DA:409,0
DA:410,0
DA:411,0
DA:412,0
DA:413,0
DA:414,0
DA:415,0
DA:416,0
DA:417,0
DA:418,0
DA:419,0
DA:420,0
DA:421,0
DA:423,0
DA:424,0
DA:427,0
DA:428,0
DA:429,0
DA:430,0
DA:431,0
DA:432,0
DA:433,0
DA:434,0
DA:436,0
DA:437,0
DA:439,0
DA:440,0
DA:441,0
DA:442,0
DA:443,0
DA:444,0
DA:445,0
DA:446,0
DA:447,0
DA:448,0
DA:449,0
DA:451,0
DA:452,0
DA:453,0
DA:454,0
DA:455,0
DA:456,0
DA:457,0
DA:458,0
DA:459,0
DA:460,0
DA:461,0
DA:462,0
DA:463,0
DA:464,0
DA:466,0
DA:467,0
DA:468,0
DA:469,0
DA:470,0
DA:472,0
DA:473,0
DA:474,0
DA:475,0
DA:476,0
DA:477,0
DA:478,0
DA:479,0
DA:480,0
DA:481,0
DA:482,0
DA:483,0
DA:485,0
DA:486,0
DA:487,0
LF:392
LH:0
BRDA:1,0,0,1
BRF:1
BRH:1
end_of_record
TN:
SF:src\engine\webgl\canvas\postprocess\types.ts
FN:1,(empty-report)
FNF:1
FNH:1
FNDA:1,(empty-report)
LF:0
LH:0
BRDA:1,0,0,1
BRF:1
BRH:1
end_of_record
TN:
SF:src\engine\webgl\material\basic2dShaders.ts
FN:1,(empty-report)
FNF:1
FNH:0
FNDA:0,(empty-report)
DA:1,0
DA:16,0
DA:24,0
LF:3
LH:0
BRDA:1,0,0,0
BRF:1
BRH:0
end_of_record
TN:
SF:src\engine\webgl\material\index.ts
FN:1,(empty-report)
FNF:1
FNH:0
FNDA:0,(empty-report)
DA:1,0
DA:2,0
DA:3,0
LF:3
LH:0
BRDA:1,0,0,0
BRF:1
BRH:0
end_of_record
TN:
SF:src\engine\webgl\material\roundedMaskTextureShader.ts
FN:1,(empty-report)
FNF:1
FNH:0
FNDA:0,(empty-report)
DA:1,0
LF:1
LH:0
BRDA:1,0,0,0
BRF:1
BRH:0
end_of_record
TN:
SF:src\engine\webgl\material\roundedRectShader.ts
FN:1,(empty-report)
FNF:1
FNH:0
FNDA:0,(empty-report)
DA:1,0
LF:1
LH:0
BRDA:1,0,0,0
BRF:1
BRH:0
end_of_record
TN:
SF:src\engine\webgl\picking\index.ts
FN:1,(empty-report)
FNF:1
FNH:0
FNDA:0,(empty-report)
DA:1,0
LF:1
LH:0
BRDA:1,0,0,0
BRF:1
BRH:0
end_of_record
TN:
SF:src\engine\webgl\picking\rectPicking.ts
FN:1,(empty-report)
FNF:1
FNH:1
FNDA:1,(empty-report)
DA:12,0
DA:13,0
DA:14,0
DA:15,0
DA:17,0
DA:18,0
DA:19,0
DA:20,0
DA:21,0
DA:23,0
DA:24,0
DA:25,0
DA:26,0
DA:27,0
DA:28,0
DA:29,0
DA:30,0
DA:31,0
DA:32,0
DA:33,0
DA:34,0
DA:35,0
DA:38,0
DA:39,0
DA:40,0
DA:41,0
DA:42,0
DA:43,0
DA:44,0
DA:45,0
DA:46,0
DA:47,0
DA:48,0
DA:49,0
DA:50,0
DA:51,0
DA:53,0
DA:54,0
DA:55,0
DA:56,0
DA:57,0
DA:58,0
DA:59,0
DA:60,0
DA:62,0
DA:63,0
DA:64,0
DA:65,0
DA:66,0
DA:67,0
DA:68,0
DA:69,0
DA:70,0
DA:71,0
DA:72,0
DA:73,0
DA:74,0
DA:75,0
DA:76,0
DA:77,0
DA:78,0
DA:79,0
DA:81,0
DA:82,0
DA:83,0
DA:84,0
DA:85,0
DA:86,0
DA:87,0
DA:88,0
DA:89,0
DA:90,0
DA:91,0
DA:92,0
DA:93,0
DA:94,0
DA:95,0
DA:96,0
DA:97,0
DA:99,0
DA:100,0
DA:101,0
DA:102,0
DA:103,0
DA:104,0
LF:85
LH:0
BRDA:1,0,0,1
BRF:1
BRH:1
end_of_record
TN:
SF:src\engine\webgl\pipeline\glProgram.ts
FN:1,(empty-report)
FNF:1
FNH:1
FNDA:1,(empty-report)
DA:3,0
DA:4,0
DA:5,0
DA:6,0
DA:7,0
DA:8,0
DA:9,0
DA:10,0
DA:11,0
DA:12,0
DA:13,0
DA:14,0
DA:16,0
DA:17,0
DA:18,0
DA:19,0
DA:20,0
DA:21,0
DA:22,0
DA:23,0
DA:24,0
DA:25,0
DA:26,0
DA:27,0
DA:28,0
DA:34,0
DA:35,0
DA:36,0
DA:37,0
DA:38,0
DA:39,0
DA:40,0
DA:41,0
DA:42,0
DA:43,0
DA:44,0
DA:45,0
DA:46,0
DA:47,0
DA:48,0
DA:49,0
DA:50,0
DA:52,0
DA:53,0
DA:54,0
DA:55,0
DA:56,0
DA:57,0
DA:58,0
DA:59,0
DA:61,0
DA:62,0
DA:63,0
DA:64,0
DA:65,0
DA:66,0
DA:67,0
DA:68,0
DA:69,0
DA:71,0
DA:72,0
DA:73,0
DA:74,0
DA:75,0
DA:76,0
DA:77,0
DA:78,0
DA:79,0
DA:80,0
DA:82,0
DA:83,0
DA:84,0
LF:72
LH:0
BRDA:1,0,0,1
BRF:1
BRH:1
end_of_record
TN:
SF:src\engine\webgl\pipeline\index.ts
FN:1,(empty-report)
FNF:1
FNH:0
FNDA:0,(empty-report)
DA:1,0
LF:1
LH:0
BRDA:1,0,0,0
BRF:1
BRH:0
end_of_record
TN:
SF:src\engine\webgl\renderers\BaseRenderer.ts
FN:1,(empty-report)
FNF:1
FNH:0
FNDA:0,(empty-report)
DA:1,0
DA:5,0
DA:6,0
DA:8,0
DA:14,0
DA:16,0
DA:22,0
DA:23,0
LF:8
LH:0
BRDA:1,0,0,0
BRF:1
BRH:0
end_of_record
TN:
SF:src\engine\webgl\renderers\ImageRenderer.ts
FN:1,(empty-report)
FNF:1
FNH:0
FNDA:0,(empty-report)
DA:1,0
DA:5,0
DA:6,0
DA:8,0
DA:9,0
DA:10,0
DA:12,0
DA:13,0
DA:14,0
DA:16,0
DA:17,0
DA:18,0
DA:19,0
DA:20,0
DA:21,0
DA:22,0
DA:23,0
DA:25,0
DA:26,0
DA:27,0
DA:28,0
DA:29,0
DA:30,0
DA:31,0
DA:33,0
DA:34,0
DA:35,0
DA:36,0
DA:37,0
DA:38,0
DA:39,0
DA:40,0
DA:41,0
DA:42,0
DA:43,0
DA:44,0
DA:45,0
DA:46,0
DA:47,0
DA:48,0
DA:49,0
DA:50,0
DA:51,0
DA:52,0
DA:53,0
DA:54,0
DA:55,0
DA:56,0
DA:57,0
DA:58,0
DA:59,0
DA:60,0
DA:61,0
DA:62,0
DA:63,0
DA:64,0
DA:65,0
DA:66,0
[...]
DA:196,0
DA:197,0
DA:198,0
DA:199,0
DA:200,0
DA:201,0
DA:202,0
DA:203,0
DA:204,0
DA:205,0
DA:206,0
DA:207,0
DA:208,0
DA:209,0
DA:210,0
DA:211,0
DA:212,0
DA:213,0
DA:214,0
DA:215,0
DA:216,0
DA:220,0
DA:221,0
DA:222,0
DA:223,0
DA:225,0
DA:226,0
DA:227,0
DA:228,0
DA:230,0
DA:231,0
DA:232,0
DA:233,0
DA:234,0
DA:235,0
DA:237,0
DA:238,0
DA:239,0
DA:240,0
DA:242,0
DA:244,0
DA:245,0
DA:246,0
DA:247,0
DA:248,0
DA:249,0
DA:250,0
DA:251,0
DA:252,0
DA:253,0
DA:254,0
DA:255,0
DA:256,0
DA:257,0
DA:258,0
DA:259,0
DA:260,0
DA:261,0
DA:263,0
DA:264,0
DA:265,0
DA:266,0
DA:269,0
DA:270,0
DA:271,0
DA:272,0
DA:273,0
DA:274,0
DA:276,0
DA:279,0
DA:280,0
DA:281,0
DA:282,0
DA:283,0
DA:284,0
DA:285,0
DA:286,0
DA:287,0
DA:288,0
DA:291,0
DA:292,0
DA:293,0
DA:294,0
DA:295,0
DA:296,0
DA:297,0
DA:300,0
DA:301,0
DA:302,0
DA:303,0
DA:304,0
DA:305,0
DA:306,0
DA:307,0
DA:308,0
DA:309,0
DA:310,0
DA:311,0
DA:312,0
DA:315,0
DA:316,0
DA:317,0
DA:318,0
DA:319,0
DA:320,0
DA:321,0
DA:322,0
DA:323,0
DA:329,0
DA:330,0
DA:331,0
DA:332,0
DA:333,0
DA:334,0
DA:335,0
DA:336,0
DA:337,0
DA:338,0
DA:339,0
DA:340,0
DA:343,0
DA:344,0
DA:345,0
DA:346,0
DA:347,0
DA:350,0
DA:351,0
DA:352,0
DA:353,0
DA:354,0
DA:355,0
DA:358,0
DA:359,0
DA:360,0
DA:361,0
DA:362,0
DA:363,0
DA:364,0
DA:365,0
DA:366,0
DA:367,0
DA:368,0
DA:369,0
DA:370,0
DA:371,0
DA:372,0
DA:373,0
DA:374,0
DA:375,0
DA:376,0
DA:377,0
DA:378,0
DA:379,0
DA:380,0
DA:381,0
DA:383,0
DA:384,0
DA:385,0
DA:386,0
DA:387,0
DA:388,0
DA:389,0
DA:390,0
DA:391,0
DA:392,0
DA:393,0
DA:394,0
DA:395,0
DA:396,0
DA:397,0
DA:398,0
DA:399,0
DA:400,0
DA:401,0
DA:402,0
DA:403,0
DA:404,0
DA:405,0
DA:406,0
DA:407,0
DA:408,0
DA:409,0
DA:410,0
DA:411,0
DA:412,0
DA:413,0
DA:414,0
DA:415,0
DA:416,0
DA:420,0
DA:427,0
DA:428,0
DA:429,0
DA:430,0
DA:431,0
DA:432,0
DA:433,0
DA:434,0
DA:435,0
DA:436,0
DA:437,0
DA:438,0
DA:439,0
DA:440,0
DA:441,0
DA:442,0
DA:443,0
DA:444,0
DA:445,0
DA:446,0
DA:447,0
DA:448,0
DA:449,0
DA:450,0
DA:451,0
DA:452,0
DA:453,0
DA:454,0
DA:456,0
DA:457,0
DA:458,0
DA:460,0
DA:461,0
DA:462,0
DA:463,0
DA:464,0
DA:465,0
DA:466,0
DA:467,0
DA:468,0
DA:469,0
DA:470,0
DA:471,0
DA:472,0
DA:473,0
DA:474,0
DA:475,0
DA:476,0
DA:477,0
DA:478,0
DA:479,0
DA:480,0
DA:481,0
DA:482,0
DA:483,0
DA:484,0
DA:485,0
DA:486,0
DA:487,0
DA:488,0
DA:489,0
DA:490,0
DA:491,0
DA:492,0
DA:493,0
DA:494,0
DA:495,0
DA:496,0
DA:497,0
DA:501,0
DA:503,0
DA:504,0
DA:505,0
DA:506,0
DA:507,0
DA:508,0
DA:509,0
DA:510,0
DA:511,0
DA:512,0
DA:513,0
DA:514,0
DA:515,0
DA:516,0
DA:517,0
DA:518,0
DA:519,0
DA:520,0
DA:521,0
DA:522,0
DA:523,0
DA:524,0
DA:525,0
DA:526,0
DA:527,0
DA:529,0
DA:530,0
DA:531,0
DA:533,0
DA:534,0
DA:535,0
DA:536,0
DA:537,0
DA:538,0
DA:539,0
DA:540,0
DA:541,0
DA:542,0
DA:543,0
DA:544,0
DA:545,0
DA:546,0
DA:547,0
DA:548,0
DA:549,0
DA:550,0
DA:551,0
DA:552,0
DA:553,0
DA:554,0
DA:555,0
DA:556,0
DA:557,0
DA:558,0
DA:559,0
DA:560,0
DA:561,0
DA:562,0
DA:563,0
DA:564,0
DA:566,0
DA:567,0
DA:568,0
DA:569,0
DA:570,0
DA:571,0
DA:572,0
DA:573,0
DA:575,0
DA:576,0
DA:577,0
DA:578,0
DA:579,0
DA:580,0
DA:581,0
DA:582,0
DA:583,0
DA:584,0
DA:585,0
DA:586,0
DA:587,0
DA:588,0
DA:589,0
DA:590,0
DA:593,0
DA:594,0
DA:595,0
DA:596,0
DA:597,0
DA:598,0
DA:599,0
DA:600,0
DA:601,0
DA:602,0
DA:603,0
DA:604,0
DA:605,0
DA:606,0
DA:607,0
DA:608,0
DA:609,0
DA:611,0
DA:612,0
DA:613,0
DA:614,0
DA:615,0
DA:616,0
DA:617,0
DA:619,0
DA:620,0
DA:621,0
DA:622,0
DA:623,0
DA:624,0
DA:625,0
DA:626,0
DA:627,0
DA:628,0
DA:629,0
DA:630,0
DA:631,0
DA:632,0
DA:633,0
DA:634,0
DA:636,0
DA:637,0
DA:638,0
DA:639,0
DA:640,0
DA:641,0
DA:642,0
DA:643,0
DA:646,0
DA:647,0
DA:650,0
DA:651,0
DA:653,0
DA:654,0
DA:655,0
DA:656,0
DA:657,0
DA:658,0
DA:661,0
DA:662,0
DA:663,0
DA:664,0
DA:665,0
DA:667,0
DA:668,0
DA:669,0
DA:670,0
DA:671,0
DA:672,0
DA:673,0
DA:674,0
DA:675,0
DA:676,0
DA:677,0
DA:678,0
DA:679,0
DA:681,0
DA:682,0
DA:683,0
DA:684,0
DA:685,0
DA:686,0
DA:687,0
DA:688,0
DA:691,0
DA:692,0
DA:693,0
DA:694,0
DA:695,0
DA:698,0
DA:699,0
DA:700,0
DA:701,0
DA:702,0
DA:703,0
DA:704,0
DA:705,0
DA:706,0
DA:707,0
DA:708,0
DA:710,0
DA:711,0
DA:712,0
DA:713,0
DA:714,0
DA:715,0
DA:716,0
DA:717,0
DA:718,0
DA:719,0
DA:720,0
DA:723,0
DA:724,0
DA:725,0
DA:726,0
DA:728,0
DA:729,0
DA:730,0
DA:731,0
DA:732,0
DA:733,0
DA:734,0
DA:735,0
DA:736,0
DA:737,0
DA:738,0
DA:739,0
DA:740,0
DA:741,0
DA:743,0
DA:744,0
DA:745,0
DA:746,0
DA:747,0
DA:748,0
DA:749,0
DA:750,0
DA:751,0
DA:752,0
DA:754,0
DA:755,0
DA:756,0
DA:757,0
DA:758,0
DA:759,0
DA:760,0
DA:762,0
DA:763,0
DA:764,0
DA:765,0
DA:766,0
DA:767,0
DA:768,0
DA:769,0
DA:770,0
DA:771,0
DA:772,0
DA:773,0
DA:774,0
DA:776,0
DA:777,0
DA:778,0
DA:779,0
DA:780,0
DA:781,0
DA:782,0
DA:783,0
DA:784,0
DA:785,0
DA:787,0
DA:788,0
DA:789,0
DA:790,0
DA:791,0
DA:792,0
DA:793,0
DA:794,0
DA:795,0
DA:796,0
DA:797,0
DA:800,0
DA:801,0
DA:802,0
DA:803,0
DA:804,0
DA:805,0
DA:806,0
DA:807,0
DA:808,0
DA:809,0
DA:810,0
DA:811,0
DA:812,0
DA:815,0
DA:816,0
DA:817,0
DA:818,0
DA:819,0
DA:820,0
DA:821,0
DA:822,0
DA:823,0
DA:824,0
DA:827,0
DA:828,0
DA:829,0
DA:830,0
DA:831,0
DA:833,0
DA:834,0
DA:835,0
DA:836,0
DA:837,0
DA:838,0
DA:839,0
DA:840,0
DA:841,0
DA:842,0
DA:843,0
DA:844,0
DA:845,0
DA:846,0
DA:847,0
DA:848,0
DA:849,0
DA:850,0
DA:851,0
DA:854,0
DA:855,0
DA:856,0
DA:857,0
DA:858,0
DA:859,0
DA:860,0
DA:861,0
DA:862,0
DA:863,0
DA:866,0
DA:867,0
DA:868,0
DA:869,0
DA:870,0
DA:871,0
DA:872,0
DA:873,0
DA:874,0
DA:875,0
DA:876,0
DA:877,0
DA:880,0
DA:881,0
DA:882,0
DA:883,0
DA:884,0
DA:885,0
DA:886,0
DA:887,0
DA:888,0
DA:889,0
DA:890,0
DA:891,0
DA:892,0
DA:895,0
DA:896,0
DA:897,0
DA:903,0
DA:904,0
DA:905,0
DA:906,0
DA:907,0
DA:908,0
DA:909,0
DA:910,0
DA:912,0
DA:913,0
DA:914,0
DA:915,0
DA:916,0
DA:917,0
DA:918,0
DA:921,0
DA:922,0
DA:923,0
DA:924,0
DA:929,0
DA:930,0
DA:931,0
DA:932,0
DA:933,0
DA:934,0
DA:935,0
DA:936,0
DA:938,0
DA:939,0
DA:941,0
DA:943,0
DA:945,0
DA:948,0
DA:949,0
DA:950,0
DA:951,0
DA:952,0
DA:953,0
DA:954,0
DA:955,0
DA:956,0
DA:957,0
DA:958,0
DA:960,0
DA:961,0
DA:962,0
DA:963,0
DA:964,0
DA:965,0
DA:967,0
DA:968,0
DA:969,0
DA:970,0
DA:971,0
DA:973,0
DA:974,0
DA:975,0
DA:976,0
DA:977,0
DA:978,0
DA:979,0
DA:980,0
DA:981,0
DA:982,0
DA:983,0
DA:984,0
DA:985,0
DA:986,0
DA:987,0
DA:988,0
DA:990,0
DA:991,0
DA:992,0
DA:993,0
DA:994,0
DA:995,0
DA:996,0
DA:997,0
DA:998,0
DA:999,0
DA:1000,0
DA:1001,0
DA:1002,0
DA:1003,0
DA:1004,0
DA:1005,0
DA:1006,0
DA:1007,0
DA:1008,0
DA:1009,0
DA:1010,0
DA:1011,0
DA:1012,0
DA:1013,0
DA:1014,0
DA:1015,0
DA:1016,0
DA:1017,0
DA:1018,0
DA:1020,0
DA:1021,0
DA:1022,0
DA:1025,0
DA:1026,0
DA:1027,0
DA:1028,0
DA:1029,0
DA:1032,0
DA:1033,0
DA:1034,0
DA:1035,0
DA:1036,0
DA:1037,0
DA:1038,0
DA:1039,0
DA:1040,0
DA:1041,0
DA:1042,0
DA:1043,0
DA:1044,0
DA:1045,0
DA:1046,0
DA:1047,0
DA:1048,0
DA:1049,0
DA:1050,0
DA:1051,0
DA:1052,0
DA:1053,0
DA:1054,0
DA:1055,0
DA:1056,0
DA:1057,0
DA:1058,0
DA:1061,0
DA:1062,0
DA:1063,0
DA:1064,0
DA:1065,0
DA:1066,0
DA:1067,0
DA:1068,0
DA:1069,0
DA:1070,0
DA:1071,0
DA:1072,0
DA:1073,0
DA:1074,0
DA:1075,0
DA:1076,0
DA:1077,0
DA:1078,0
DA:1079,0
DA:1080,0
DA:1081,0
DA:1082,0
DA:1083,0
DA:1084,0
DA:1085,0
DA:1086,0
DA:1087,0
DA:1088,0
DA:1089,0
DA:1090,0
DA:1091,0
DA:1092,0
DA:1095,0
DA:1096,0
DA:1097,0
DA:1098,0
DA:1099,0
DA:1100,0
DA:1101,0
DA:1102,0
DA:1103,0
DA:1104,0
DA:1105,0
DA:1106,0
DA:1107,0
DA:1108,0
DA:1110,0
DA:1111,0
DA:1112,0
DA:1113,0
DA:1114,0
DA:1115,0
DA:1116,0
DA:1118,0
DA:1119,0
DA:1120,0
DA:1121,0
DA:1122,0
DA:1123,0
DA:1125,0
DA:1126,0
DA:1127,0
DA:1128,0
DA:1129,0
DA:1130,0
DA:1131,0
DA:1132,0
DA:1133,0
DA:1134,0
DA:1135,0
DA:1137,0
DA:1138,0
DA:1139,0
DA:1140,0
DA:1141,0
DA:1142,0
DA:1143,0
DA:1144,0
DA:1145,0
DA:1146,0
DA:1147,0
DA:1148,0
DA:1150,0
DA:1151,0
DA:1152,0
DA:1153,0
DA:1154,0
DA:1155,0
DA:1156,0
DA:1158,0
DA:1159,0
DA:1160,0
DA:1165,0
DA:1166,0
DA:1167,0
DA:1168,0
DA:1169,0
DA:1172,0
DA:1173,0
DA:1174,0
DA:1175,0
DA:1176,0
DA:1179,0
DA:1180,0
DA:1181,0
DA:1182,0
DA:1183,0
DA:1184,0
DA:1185,0
DA:1186,0
DA:1187,0
DA:1188,0
DA:1189,0
DA:1190,0
DA:1193,0
DA:1194,0
DA:1195,0
DA:1196,0
DA:1197,0
DA:1198,0
DA:1199,0
DA:1200,0
DA:1201,0
DA:1202,0
DA:1203,0
DA:1204,0
DA:1205,0
DA:1206,0
DA:1207,0
DA:1208,0
DA:1209,0
DA:1210,0
DA:1212,0
DA:1213,0
DA:1214,0
DA:1216,0
DA:1217,0
DA:1218,0
DA:1219,0
DA:1220,0
DA:1221,0
DA:1222,0
DA:1223,0
DA:1224,0
DA:1225,0
DA:1226,0
DA:1227,0
DA:1228,0
DA:1229,0
DA:1230,0
DA:1231,0
DA:1232,0
DA:1233,0
DA:1234,0
DA:1235,0
DA:1236,0
DA:1237,0
DA:1238,0
DA:1239,0
DA:1240,0
DA:1242,0
DA:1243,0
DA:1244,0
DA:1245,0
DA:1246,0
DA:1247,0
DA:1248,0
DA:1249,0
DA:1250,0
DA:1251,0
DA:1252,0
DA:1253,0
DA:1254,0
DA:1255,0
DA:1256,0
DA:1257,0
DA:1258,0
DA:1259,0
DA:1260,0
DA:1261,0
DA:1262,0
DA:1263,0
DA:1264,0
DA:1265,0
DA:1266,0
DA:1267,0
DA:1269,0
DA:1270,0
DA:1271,0
DA:1272,0
DA:1273,0
DA:1274,0
DA:1275,0
DA:1276,0
DA:1277,0
DA:1278,0
DA:1279,0
DA:1280,0
DA:1281,0
DA:1282,0
DA:1283,0
DA:1284,0
DA:1285,0
DA:1286,0
DA:1287,0
DA:1288,0
DA:1289,0
DA:1291,0
DA:1292,0
DA:1293,0
DA:1294,0
DA:1295,0
DA:1296,0
DA:1297,0
DA:1298,0
DA:1299,0
DA:1300,0
DA:1301,0
DA:1302,0
DA:1303,0
DA:1304,0
DA:1305,0
DA:1306,0
DA:1307,0
DA:1308,0
DA:1309,0
DA:1310,0
DA:1311,0
DA:1312,0
DA:1313,0
DA:1314,0
DA:1317,0
DA:1318,0
DA:1319,0
DA:1325,0
DA:1326,0
DA:1327,0
DA:1329,0
DA:1330,0
DA:1331,0
DA:1332,0
DA:1333,0
DA:1334,0
DA:1335,0
DA:1336,0
DA:1337,0
DA:1338,0
DA:1339,0
DA:1340,0
DA:1341,0
DA:1342,0
DA:1343,0
DA:1344,0
DA:1345,0
DA:1346,0
DA:1347,0
DA:1348,0
DA:1349,0
DA:1350,0
DA:1351,0
DA:1352,0
DA:1353,0
DA:1354,0
DA:1355,0
DA:1356,0
DA:1357,0
DA:1358,0
DA:1359,0
DA:1360,0
DA:1361,0
DA:1362,0
DA:1363,0
DA:1364,0
DA:1365,0
DA:1366,0
DA:1367,0
DA:1368,0
DA:1369,0
DA:1370,0
DA:1375,0
DA:1376,0
DA:1377,0
DA:1378,0
DA:1379,0
LF:1157
LH:0
BRDA:1,0,0,0
BRF:1
BRH:0
end_of_record
TN:
SF:src\store\videoscene\index.ts
FN:1,(empty-report)
FNF:1
FNH:0
FNDA:0,(empty-report)
DA:1,0
LF:1
LH:0
BRDA:1,0,0,0
BRF:1
BRH:0
end_of_record
TN:
SF:src\store\videoscene\store.ts
FN:56,clampPx
FN:62,normalizeNodeIdentityInPlace
FN:75,deepCloneJson
FN:85,cloneNodeTreeWithFreshIds
FN:104,upsertImageAsset
FN:115,removeImageAsset
FN:120,toggleSizePanel
FN:127,setSizePanelVisible
FN:134,toggleBackgroundPanel
FN:141,setBackgroundPanelVisible
FN:148,toggleExportPanel
FN:155,setExportPanelVisible
FN:162,setActiveLayer
FN:168,setSelectedNode
FN:171,setSelectedNodes
FN:174,clearSelection
FN:177,setFocusedNode
FN:180,addNodeTree
FN:187,setLayoutInsets
FN:194,openLeftPanel
FN:200,closeLeftPanel
FN:206,addLayer
FN:214,removeLayer
FN:225,moveNode
FN:238,addRenderableNode
FN:245,updateNodeTransform
FN:250,updateNodeName
FN:255,updateNodeProps
FN:260,updateNodesPropsBatch
FN:269,pasteNodeTreeAsSibling
FN:284,setNodeType
FN:290,applyStageSnapshot
FN:339,patchNodeById
FN:384,deleteNodesById
FN:418,upsertImageAsset
FN:421,removeImageAsset
FN:424,toggleSizePanel
FN:427,setSizePanelVisible
FN:430,toggleBackgroundPanel
FN:433,setBackgroundPanelVisible
FN:436,toggleExportPanel
FN:439,setExportPanelVisible
FN:442,setActiveLayer
FN:445,setSelectedNode
FN:448,setSelectedNodes
FN:451,clearSelection
FN:454,setFocusedNode
FN:457,addNodeTree
FN:467,setLayoutInsets
FN:470,openLeftPanel
FN:473,closeLeftPanel
FN:476,addLayer
FN:479,removeLayer
FN:482,moveNode
FN:489,getRenderPipeline
FN:492,addRenderableNode
FN:495,updateNodeTransform
FN:501,addBaseNode
FN:504,setNodeType
FN:507,updateNodeName
FN:510,updateNodeProps
FN:513,updateNodesPropsBatch
FN:516,pasteNodeTreeAsSibling
FN:528,applyStageSnapshot
FN:531,patchNodeById
FN:541,deleteNodesById
FN:581,deleteNodeById
FN:584,deleteSelectedNodes
FNF:68
FNH:37
FNDA:9,clampPx
FNDA:0,normalizeNodeIdentityInPlace
FNDA:0,deepCloneJson
FNDA:0,cloneNodeTreeWithFreshIds
FNDA:7,upsertImageAsset
FNDA:2,removeImageAsset
FNDA:3,toggleSizePanel
FNDA:5,setSizePanelVisible
FNDA:2,toggleBackgroundPanel
FNDA:3,setBackgroundPanelVisible
FNDA:2,toggleExportPanel
FNDA:3,setExportPanelVisible
FNDA:2,setActiveLayer
FNDA:3,setSelectedNode
FNDA:2,setSelectedNodes
FNDA:2,clearSelection
FNDA:2,setFocusedNode
FNDA:0,addNodeTree
FNDA:3,setLayoutInsets
FNDA:5,openLeftPanel
FNDA:2,closeLeftPanel
FNDA:8,addLayer
FNDA:2,removeLayer
FNDA:0,moveNode
FNDA:0,addRenderableNode
FNDA:0,updateNodeTransform
FNDA:0,updateNodeName
FNDA:0,updateNodeProps
FNDA:0,updateNodesPropsBatch
FNDA:0,pasteNodeTreeAsSibling
FNDA:0,setNodeType
FNDA:0,applyStageSnapshot
FNDA:0,patchNodeById
FNDA:0,deleteNodesById
FNDA:2,upsertImageAsset
FNDA:1,removeImageAsset
FNDA:1,toggleSizePanel
FNDA:1,setSizePanelVisible
FNDA:1,toggleBackgroundPanel
FNDA:1,setBackgroundPanelVisible
FNDA:1,toggleExportPanel
FNDA:1,setExportPanelVisible
FNDA:1,setActiveLayer
FNDA:2,setSelectedNode
FNDA:1,setSelectedNodes
FNDA:1,clearSelection
FNDA:1,setFocusedNode
FNDA:0,addNodeTree
FNDA:1,setLayoutInsets
FNDA:2,openLeftPanel
FNDA:1,closeLeftPanel
FNDA:3,addLayer
FNDA:1,removeLayer
FNDA:0,moveNode
FNDA:0,getRenderPipeline
FNDA:0,addRenderableNode
FNDA:0,updateNodeTransform
FNDA:0,addBaseNode
FNDA:0,setNodeType
FNDA:0,updateNodeName
FNDA:0,updateNodeProps
FNDA:0,updateNodesPropsBatch
FNDA:0,pasteNodeTreeAsSibling
FNDA:0,applyStageSnapshot
FNDA:0,patchNodeById
FNDA:0,deleteNodesById
FNDA:0,deleteNodeById
FNDA:0,deleteSelectedNodes
DA:1,1
DA:56,1
DA:57,9
DA:58,9
DA:59,2
DA:60,2
DA:62,1
DA:63,0
DA:64,0
DA:65,0
DA:66,0
DA:67,0
DA:68,0
DA:69,0
DA:70,0
DA:71,0
DA:72,0
DA:73,0
DA:75,1
DA:76,0
DA:78,0
DA:79,0
DA:81,0
DA:82,0
DA:83,0
DA:85,1
DA:86,0
DA:87,0
DA:88,0
DA:89,0
DA:90,0
DA:91,0
DA:92,0
DA:93,0
DA:94,0
DA:95,0
DA:96,0
DA:97,0
DA:99,1
DA:101,1
DA:102,1
DA:103,1
DA:104,1
DA:105,7
DA:106,7
DA:107,7
DA:108,6
DA:109,6
DA:110,6
DA:111,7
DA:112,7
DA:113,7
DA:114,7
DA:115,1
DA:116,2
DA:117,2
DA:118,2
DA:119,2
DA:120,1
DA:121,3
DA:122,3
DA:123,2
DA:124,2
DA:125,2
DA:126,3
DA:127,1
DA:128,5
DA:129,5
DA:130,4
DA:131,4
DA:132,4
DA:133,5
DA:134,1
DA:135,2
DA:136,2
DA:137,2
DA:138,2
DA:139,2
DA:140,2
DA:141,1
DA:142,3
DA:143,3
DA:144,3
DA:145,3
DA:146,3
DA:147,3
DA:148,1
DA:149,2
DA:150,2
DA:151,2
DA:152,2
DA:153,2
DA:154,2
DA:155,1
DA:156,3
DA:157,3
DA:158,3
DA:159,3
DA:160,3
DA:161,3
DA:162,1
DA:163,2
DA:164,2
DA:165,2
DA:166,2
DA:167,2
DA:168,1
DA:169,3
DA:170,3
DA:171,1
DA:172,2
DA:173,2
DA:174,1
DA:175,2
DA:176,2
DA:177,1
DA:178,2
DA:179,2
DA:180,1
DA:181,0
DA:182,0
DA:183,0
DA:184,0
DA:185,0
DA:186,0
DA:187,1
DA:188,3
DA:189,3
DA:190,3
DA:191,3
DA:192,3
DA:193,3
DA:194,1
DA:195,5
DA:196,5
DA:197,5
DA:198,5
DA:199,5
DA:200,1
DA:201,2
DA:202,2
DA:203,2
DA:204,2
DA:205,2
DA:206,1
DA:207,8
DA:208,3
DA:209,3
DA:210,3
DA:211,3
DA:212,3
DA:213,8
DA:214,1
DA:215,2
DA:216,2
DA:217,2
DA:218,2
DA:219,2
DA:220,2
DA:221,2
DA:222,2
DA:223,2
DA:224,2
DA:225,1
DA:226,0
DA:227,0
DA:228,0
DA:229,0
DA:230,0
DA:231,0
DA:232,0
DA:233,0
DA:234,0
DA:235,0
DA:236,0
DA:237,0
DA:238,1
DA:239,0
DA:240,0
DA:241,0
DA:242,0
DA:243,0
DA:244,0
DA:245,1
DA:246,0
DA:247,0
DA:248,0
DA:249,0
DA:250,1
DA:251,0
DA:252,0
DA:253,0
DA:254,0
DA:255,1
DA:256,0
DA:257,0
DA:258,0
DA:259,0
DA:260,1
DA:261,0
DA:262,0
DA:263,0
DA:264,0
DA:265,0
DA:266,0
DA:267,0
DA:268,0
DA:269,1
DA:270,0
DA:271,0
DA:272,0
DA:273,0
DA:274,0
DA:275,0
DA:276,0
DA:277,0
DA:278,0
DA:279,0
DA:280,0
DA:281,0
DA:282,0
DA:283,0
DA:284,1
DA:285,0
DA:286,0
DA:287,0
DA:288,0
DA:290,1
DA:291,0
DA:292,0
DA:293,0
DA:294,0
DA:295,0
DA:296,0
DA:297,0
DA:302,0
DA:303,0
DA:304,0
DA:305,0
DA:306,0
DA:307,0
DA:308,0
DA:310,0
DA:311,0
DA:313,0
DA:314,0
DA:315,0
DA:316,0
DA:317,0
DA:318,0
DA:319,0
DA:323,0
DA:324,0
DA:325,0
DA:326,0
DA:327,0
DA:328,0
DA:329,0
DA:330,0
DA:332,0
DA:334,0
DA:335,0
DA:336,0
DA:337,0
DA:338,0
DA:339,1
DA:340,0
DA:341,0
DA:351,0
DA:352,0
DA:353,0
DA:354,0
DA:355,0
DA:356,0
DA:357,0
DA:358,0
DA:359,0
DA:360,0
DA:361,0
DA:362,0
DA:363,0
DA:364,0
DA:365,0
DA:366,0
DA:367,0
DA:368,0
DA:370,0
DA:371,0
DA:372,0
DA:373,0
DA:374,0
DA:375,0
DA:376,0
DA:377,0
DA:378,0
DA:379,0
DA:380,0
DA:381,0
DA:382,0
DA:383,0
DA:384,1
DA:385,0
DA:386,0
DA:387,0
DA:388,0
DA:390,0
DA:391,0
DA:392,0
DA:393,0
DA:394,0
DA:396,0
DA:397,0
DA:398,0
DA:399,0
DA:400,0
DA:401,0
DA:402,0
DA:403,0
DA:404,0
DA:405,0
DA:406,0
DA:407,0
DA:408,0
DA:409,0
DA:410,0
DA:411,0
DA:412,0
DA:413,0
DA:414,0
DA:415,0
DA:416,1
DA:417,1
DA:418,1
DA:419,2
DA:420,2
DA:421,1
DA:422,1
DA:423,1
DA:424,1
DA:425,1
DA:426,1
DA:427,1
DA:428,1
DA:429,1
DA:430,1
DA:431,1
DA:432,1
DA:433,1
DA:434,1
DA:435,1
DA:436,1
DA:437,1
DA:438,1
DA:439,1
DA:440,1
DA:441,1
DA:442,1
DA:443,1
DA:444,1
DA:445,1
DA:446,2
DA:447,2
DA:448,1
DA:449,1
DA:450,1
DA:451,1
DA:452,1
DA:453,1
DA:454,1
DA:455,1
DA:456,1
DA:457,1
DA:458,0
DA:459,0
DA:460,0
DA:461,0
DA:462,0
DA:463,0
DA:464,0
DA:465,0
DA:466,0
DA:467,1
DA:468,1
DA:469,1
DA:470,1
DA:471,2
DA:472,2
DA:473,1
DA:474,1
DA:475,1
DA:476,1
DA:477,3
DA:478,3
DA:479,1
DA:480,1
DA:481,1
DA:482,1
DA:483,0
DA:484,0
DA:485,0
DA:486,0
DA:487,0
DA:488,0
DA:489,1
DA:490,0
DA:491,0
DA:492,1
DA:493,0
DA:494,0
DA:495,1
DA:496,0
DA:497,0
DA:498,0
DA:499,0
DA:500,0
DA:501,1
DA:502,0
DA:503,0
DA:504,1
DA:505,0
DA:506,0
DA:507,1
DA:508,0
DA:509,0
DA:510,1
DA:511,0
DA:512,0
DA:513,1
DA:514,0
DA:515,0
DA:516,1
DA:517,0
DA:518,0
DA:519,0
DA:520,0
DA:521,0
DA:522,0
DA:523,0
DA:524,0
DA:525,0
DA:526,0
DA:528,1
DA:529,0
DA:530,0
DA:531,1
DA:532,0
DA:533,0
DA:538,0
DA:539,0
DA:540,0
DA:541,1
DA:542,0
DA:543,0
DA:544,0
DA:545,0
DA:547,0
DA:548,0
DA:549,0
DA:550,0
DA:551,0
DA:552,0
DA:553,0
DA:554,0
DA:555,0
DA:557,0
DA:558,0
DA:559,0
DA:560,0
DA:561,0
DA:562,0
DA:563,0
DA:564,0
DA:565,0
DA:566,0
DA:567,0
DA:568,0
DA:569,0
DA:570,0
DA:571,0
DA:572,0
DA:573,0
DA:574,0
DA:575,0
DA:576,0
DA:577,0
DA:579,0
DA:580,0
DA:581,1
DA:582,0
DA:583,0
DA:584,1
DA:585,0
DA:586,0
DA:587,0
DA:588,0
DA:589,0
DA:590,0
DA:591,0
DA:592,0
DA:593,1
DA:594,1
LF:501
LH:213
BRDA:56,0,0,9
BRDA:58,1,0,7
BRDA:58,2,0,2
BRDA:104,3,0,7
BRDA:105,4,0,1
BRDA:106,5,0,0
BRDA:107,6,0,6
BRDA:107,7,0,1
BRDA:107,8,0,6
BRDA:111,9,0,5
BRDA:115,10,0,2
BRDA:116,11,0,0
BRDA:117,12,0,0
BRDA:120,13,0,3
BRDA:122,14,0,2
BRDA:127,15,0,5
BRDA:129,16,0,4
BRDA:134,17,0,2
BRDA:141,18,0,3
BRDA:148,19,0,2
BRDA:155,20,0,3
BRDA:162,21,0,2
BRDA:164,22,0,0
BRDA:168,23,0,3
BRDA:171,24,0,2
BRDA:174,25,0,2
BRDA:177,26,0,2
BRDA:187,27,0,3
BRDA:194,28,0,5
BRDA:197,29,0,1
BRDA:197,30,0,4
BRDA:198,31,0,0
BRDA:200,32,0,2
BRDA:204,33,0,0
BRDA:206,34,0,8
BRDA:207,35,0,5
BRDA:207,36,0,3
BRDA:207,37,0,12
BRDA:214,38,0,2
BRDA:216,39,0,0
BRDA:219,40,0,0
BRDA:215,41,0,4
BRDA:418,42,0,2
BRDA:421,43,0,1
BRDA:424,44,0,1
BRDA:427,45,0,1
BRDA:430,46,0,1
BRDA:433,47,0,1
BRDA:436,48,0,1
BRDA:439,49,0,1
BRDA:442,50,0,1
BRDA:445,51,0,2
BRDA:448,52,0,1
BRDA:451,53,0,1
BRDA:454,54,0,1
BRDA:467,55,0,1
BRDA:470,56,0,2
BRDA:473,57,0,1
BRDA:476,58,0,3
BRDA:479,59,0,1
BRF:60
BRH:52
end_of_record
TN:
SF:src\store\videostudio\index.ts
FN:1,(empty-report)
FNF:1
FNH:0
FNDA:0,(empty-report)
DA:1,0
DA:2,0
LF:2
LH:0
BRDA:1,0,0,0
BRF:1
BRH:0
end_of_record
TN:
SF:src\store\videostudio\store.ts
FN:1,(empty-report)
FNF:1
FNH:0
FNDA:0,(empty-report)
DA:1,0
DA:9,0
DA:11,0
DA:12,0
DA:13,0
DA:14,0
DA:15,0
DA:16,0
DA:17,0
DA:18,0
DA:19,0
DA:20,0
DA:21,0
DA:22,0
DA:23,0
DA:24,0
DA:25,0
DA:26,0
DA:27,0
DA:28,0
DA:29,0
DA:30,0
DA:31,0
DA:32,0
DA:33,0
DA:34,0
DA:35,0
DA:36,0
DA:37,0
DA:38,0
DA:39,0
DA:40,0
DA:41,0
DA:42,0
DA:43,0
DA:44,0
DA:45,0
DA:46,0
DA:47,0
DA:48,0
DA:49,0
DA:50,0
DA:51,0
DA:52,0
DA:53,0
DA:54,0
DA:55,0
DA:56,0
DA:58,0
DA:59,0
DA:60,0
DA:61,0
DA:62,0
DA:63,0
DA:64,0
DA:65,0
DA:66,0
DA:67,0
DA:68,0
DA:69,0
DA:70,0
DA:71,0
DA:72,0
DA:73,0
DA:74,0
DA:75,0
DA:76,0
DA:77,0
DA:78,0
DA:79,0
DA:80,0
DA:81,0
DA:82,0
DA:83,0
DA:84,0
DA:85,0
DA:86,0
DA:87,0
DA:88,0
DA:90,0
DA:91,0
DA:92,0
DA:93,0
DA:94,0
DA:95,0
DA:96,0
DA:97,0
DA:98,0
DA:99,0
DA:100,0
DA:101,0
DA:102,0
DA:103,0
DA:104,0
DA:105,0
DA:106,0
DA:107,0
DA:108,0
DA:109,0
DA:110,0
DA:111,0
DA:112,0
DA:113,0
DA:114,0
DA:115,0
DA:116,0
DA:117,0
DA:118,0
DA:119,0
DA:120,0
DA:121,0
DA:122,0
DA:123,0
DA:124,0
DA:125,0
DA:126,0
DA:127,0
DA:128,0
DA:129,0
DA:130,0
DA:131,0
DA:132,0
DA:133,0
DA:134,0
DA:135,0
DA:136,0
DA:137,0
DA:138,0
DA:139,0
DA:140,0
DA:141,0
DA:142,0
DA:143,0
DA:144,0
DA:145,0
DA:146,0
DA:147,0
DA:148,0
DA:149,0
DA:150,0
DA:151,0
DA:152,0
LF:142
LH:0
BRDA:1,0,0,0
BRF:1
BRH:0
end_of_record
